TN:
SF:app/layout.tsx
FN:67,RootLayout
FNF:1
FNH:0
FNDA:0,RootLayout
DA:1,0
DA:3,0
DA:4,0
DA:5,0
DA:6,0
DA:7,0
DA:8,0
DA:9,0
DA:10,0
DA:11,0
DA:12,0
DA:15,0
DA:18,0
DA:20,0
DA:29,0
DA:60,0
DA:67,0
LF:17
LH:0
BRDA:84,0,0,0
BRDA:84,0,1,0
BRF:2
BRH:0
end_of_record
TN:
SF:app/page.optimized.tsx
FN:9,Home
FN:42,LoginForm
FN:49,(anonymous_7)
FN:129,(anonymous_8)
FN:181,(anonymous_9)
FN:198,(anonymous_10)
FN:231,(anonymous_11)
FNF:7
FNH:0
FNDA:0,Home
FNDA:0,LoginForm
FNDA:0,(anonymous_7)
FNDA:0,(anonymous_8)
FNDA:0,(anonymous_9)
FNDA:0,(anonymous_10)
FNDA:0,(anonymous_11)
DA:3,0
DA:4,0
DA:5,0
DA:6,0
DA:7,0
DA:9,0
DA:10,0
DA:13,0
DA:16,0
DA:27,0
DA:28,0
DA:43,0
DA:44,0
DA:45,0
DA:46,0
DA:47,0
DA:49,0
DA:50,0
DA:51,0
DA:52,0
DA:55,0
DA:56,0
DA:59,0
DA:60,0
DA:61,0
DA:62,0
DA:65,0
DA:66,0
DA:67,0
DA:68,0
DA:71,0
DA:72,0
DA:73,0
DA:74,0
DA:78,0
DA:81,0
DA:82,0
DA:83,0
DA:86,0
DA:87,0
DA:100,0
DA:102,0
DA:103,0
DA:104,0
DA:105,0
DA:106,0
DA:107,0
DA:108,0
DA:109,0
DA:110,0
DA:111,0
DA:113,0
DA:115,0
DA:116,0
DA:120,0
DA:121,0
DA:122,0
DA:124,0
DA:127,0
DA:129,0
DA:130,0
DA:135,0
DA:137,0
DA:138,0
DA:139,0
DA:140,0
DA:141,0
DA:142,0
DA:143,0
DA:144,0
DA:146,0
DA:149,0
DA:153,0
DA:181,0
DA:198,0
DA:231,0
LF:76
LH:0
BRDA:16,0,0,0
BRDA:16,0,1,0
BRDA:27,1,0,0
BRDA:27,1,1,0
BRDA:59,2,0,0
BRDA:59,2,1,0
BRDA:59,3,0,0
BRDA:59,3,1,0
BRDA:65,4,0,0
BRDA:65,4,1,0
BRDA:65,5,0,0
BRDA:65,5,1,0
BRDA:71,6,0,0
BRDA:71,6,1,0
BRDA:78,7,0,0
BRDA:78,7,1,0
BRDA:78,8,0,0
BRDA:78,8,1,0
BRDA:78,8,2,0
BRDA:78,8,3,0
BRDA:87,9,0,0
BRDA:87,9,1,0
BRDA:100,10,0,0
BRDA:100,10,1,0
BRDA:102,11,0,0
BRDA:102,11,1,0
BRDA:104,12,0,0
BRDA:104,12,1,0
BRDA:106,13,0,0
BRDA:106,13,1,0
BRDA:108,14,0,0
BRDA:108,14,1,0
BRDA:108,15,0,0
BRDA:108,15,1,0
BRDA:110,16,0,0
BRDA:110,16,1,0
BRDA:110,17,0,0
BRDA:110,17,1,0
BRDA:110,17,2,0
BRDA:120,18,0,0
BRDA:120,18,1,0
BRDA:121,19,0,0
BRDA:121,19,1,0
BRDA:121,20,0,0
BRDA:121,20,1,0
BRDA:135,21,0,0
BRDA:135,21,1,0
BRDA:137,22,0,0
BRDA:137,22,1,0
BRDA:137,23,0,0
BRDA:137,23,1,0
BRDA:139,24,0,0
BRDA:139,24,1,0
BRDA:139,25,0,0
BRDA:139,25,1,0
BRDA:141,26,0,0
BRDA:141,26,1,0
BRDA:143,27,0,0
BRDA:143,27,1,0
BRDA:143,28,0,0
BRDA:143,28,1,0
BRDA:161,29,0,0
BRDA:161,29,1,0
BRDA:195,30,0,0
BRDA:195,30,1,0
BRDA:200,31,0,0
BRDA:200,31,1,0
BRDA:202,32,0,0
BRDA:208,33,0,0
BRDA:220,34,0,0
BRDA:220,34,1,0
BRDA:223,35,0,0
BRDA:223,35,1,0
BRDA:234,36,0,0
BRDA:234,36,1,0
BRDA:237,37,0,0
BRF:76
BRH:0
end_of_record
TN:
SF:app/page.tsx
FN:13,Home
FN:51,LoginForm
FN:61,(anonymous_6)
FN:85,(anonymous_7)
FN:184,(anonymous_8)
FN:247,(anonymous_9)
FN:265,(anonymous_10)
FN:271,(anonymous_11)
FN:312,(anonymous_12)
FNF:9
FNH:0
FNDA:0,Home
FNDA:0,LoginForm
FNDA:0,(anonymous_6)
FNDA:0,(anonymous_7)
FNDA:0,(anonymous_8)
FNDA:0,(anonymous_9)
FNDA:0,(anonymous_10)
FNDA:0,(anonymous_11)
FNDA:0,(anonymous_12)
DA:3,0
DA:4,0
DA:6,0
DA:7,0
DA:8,0
DA:9,0
DA:10,0
DA:11,0
DA:13,0
DA:14,0
DA:15,0
DA:18,0
DA:21,0
DA:32,0
DA:33,0
DA:37,0
DA:38,0
DA:52,0
DA:53,0
DA:54,0
DA:55,0
DA:56,0
DA:57,0
DA:58,0
DA:61,0
DA:62,0
DA:63,0
DA:64,0
DA:65,0
DA:66,0
DA:67,0
DA:68,0
DA:69,0
DA:70,0
DA:73,0
DA:74,0
DA:75,0
DA:76,0
DA:77,0
DA:78,0
DA:85,0
DA:86,0
DA:87,0
DA:88,0
DA:91,0
DA:92,0
DA:95,0
DA:96,0
DA:97,0
DA:98,0
DA:101,0
DA:102,0
DA:103,0
DA:104,0
DA:107,0
DA:108,0
DA:109,0
DA:110,0
DA:113,0
DA:114,0
DA:115,0
DA:116,0
DA:117,0
DA:118,0
DA:121,0
DA:124,0
DA:125,0
DA:126,0
DA:127,0
DA:130,0
DA:131,0
DA:133,0
DA:146,0
DA:147,0
DA:148,0
DA:149,0
DA:152,0
DA:153,0
DA:154,0
DA:155,0
DA:156,0
DA:157,0
DA:158,0
DA:159,0
DA:160,0
DA:161,0
DA:162,0
DA:163,0
DA:164,0
DA:166,0
DA:168,0
DA:169,0
DA:173,0
DA:175,0
DA:176,0
DA:177,0
DA:179,0
DA:182,0
DA:184,0
DA:185,0
DA:190,0
DA:192,0
DA:193,0
DA:194,0
DA:197,0
DA:198,0
DA:199,0
DA:200,0
DA:201,0
DA:202,0
DA:203,0
DA:204,0
DA:205,0
DA:206,0
DA:207,0
DA:208,0
DA:209,0
DA:211,0
DA:214,0
DA:218,0
DA:247,0
DA:265,0
DA:271,0
DA:312,0
LF:124
LH:0
BRDA:21,0,0,0
BRDA:21,0,1,0
BRDA:32,1,0,0
BRDA:32,1,1,0
BRDA:37,2,0,0
BRDA:37,2,1,0
BRDA:81,3,0,0
BRDA:81,3,1,0
BRDA:95,4,0,0
BRDA:95,4,1,0
BRDA:95,5,0,0
BRDA:95,5,1,0
BRDA:101,6,0,0
BRDA:101,6,1,0
BRDA:101,7,0,0
BRDA:101,7,1,0
BRDA:107,8,0,0
BRDA:107,8,1,0
BRDA:116,9,0,0
BRDA:116,9,1,0
BRDA:121,10,0,0
BRDA:121,10,1,0
BRDA:121,11,0,0
BRDA:121,11,1,0
BRDA:121,11,2,0
BRDA:121,11,3,0
BRDA:133,12,0,0
BRDA:133,12,1,0
BRDA:146,13,0,0
BRDA:146,13,1,0
BRDA:152,14,0,0
BRDA:152,14,1,0
BRDA:154,15,0,0
BRDA:154,15,1,0
BRDA:156,16,0,0
BRDA:156,16,1,0
BRDA:158,17,0,0
BRDA:158,17,1,0
BRDA:158,18,0,0
BRDA:158,18,1,0
BRDA:162,19,0,0
BRDA:162,19,1,0
BRDA:162,20,0,0
BRDA:162,20,1,0
BRDA:162,20,2,0
BRDA:175,21,0,0
BRDA:175,21,1,0
BRDA:176,22,0,0
BRDA:176,22,1,0
BRDA:176,23,0,0
BRDA:176,23,1,0
BRDA:192,24,0,0
BRDA:192,24,1,0
BRDA:197,25,0,0
BRDA:197,25,1,0
BRDA:197,26,0,0
BRDA:197,26,1,0
BRDA:202,27,0,0
BRDA:202,27,1,0
BRDA:202,28,0,0
BRDA:202,28,1,0
BRDA:205,29,0,0
BRDA:205,29,1,0
BRDA:208,30,0,0
BRDA:208,30,1,0
BRDA:208,31,0,0
BRDA:208,31,1,0
BRDA:231,32,0,0
BRDA:231,32,1,0
BRDA:261,33,0,0
BRDA:261,33,1,0
BRDA:262,34,0,0
BRDA:262,34,1,0
BRDA:267,35,0,0
BRDA:267,35,1,0
BRDA:273,36,0,0
BRDA:273,36,1,0
BRDA:277,37,0,0
BRDA:283,38,0,0
BRDA:289,39,0,0
BRDA:301,40,0,0
BRDA:301,40,1,0
BRDA:304,41,0,0
BRDA:304,41,1,0
BRDA:315,42,0,0
BRDA:315,42,1,0
BRDA:318,43,0,0
BRF:87
BRH:0
end_of_record
TN:
SF:app/admin/navigation-stats/page.tsx
FN:8,NavigationStatsPage
FN:13,(anonymous_3)
FN:25,(anonymous_4)
FN:29,(anonymous_5)
FN:116,(anonymous_6)
FN:155,(anonymous_7)
FNF:6
FNH:0
FNDA:0,NavigationStatsPage
FNDA:0,(anonymous_3)
FNDA:0,(anonymous_4)
FNDA:0,(anonymous_5)
FNDA:0,(anonymous_6)
FNDA:0,(anonymous_7)
DA:3,0
DA:4,0
DA:5,0
DA:6,0
DA:8,0
DA:9,0
DA:10,0
DA:11,0
DA:13,0
DA:14,0
DA:15,0
DA:18,0
DA:19,0
DA:20,0
DA:21,0
DA:25,0
DA:26,0
DA:29,0
DA:30,0
DA:31,0
DA:32,0
DA:117,0
DA:156,0
LF:23
LH:0
BRDA:18,0,0,0
BRDA:18,0,1,0
BRDA:30,1,0,0
BRDA:30,1,1,0
BRDA:72,2,0,0
BRDA:72,2,1,0
BRDA:82,3,0,0
BRDA:82,3,1,0
BRDA:92,4,0,0
BRDA:92,4,1,0
BRDA:110,5,0,0
BRDA:155,6,0,0
BRDA:154,7,0,0
BRDA:154,7,1,0
BRF:14
BRH:0
end_of_record
TN:
SF:app/admin/performance/head.tsx
FN:6,Head
FNF:1
FNH:0
FNDA:0,Head
DA:6,0
LF:1
LH:0
BRF:0
BRH:0
end_of_record
TN:
SF:app/admin/performance/page.tsx
FN:19,(anonymous_5)
FN:19,(anonymous_6)
FN:19,(anonymous_7)
FN:24,(anonymous_8)
FN:24,(anonymous_9)
FN:27,(anonymous_10)
FN:27,(anonymous_11)
FN:72,PerformanceDashboard
FN:91,(anonymous_13)
FN:103,(anonymous_14)
FN:108,(anonymous_15)
FN:119,fetchPerformanceData
FN:160,(anonymous_17)
FN:169,(anonymous_18)
FN:181,(anonymous_19)
FN:188,(anonymous_20)
FN:194,(anonymous_21)
FN:220,clearCache
FN:248,(anonymous_23)
FN:250,(anonymous_24)
FN:261,(anonymous_25)
FN:274,(anonymous_26)
FN:277,(anonymous_27)
FN:287,(anonymous_28)
FN:290,(anonymous_29)
FN:297,(anonymous_30)
FN:306,(anonymous_31)
FN:315,(anonymous_32)
FN:348,(anonymous_33)
FN:379,(anonymous_34)
FNF:30
FNH:0
FNDA:0,(anonymous_5)
FNDA:0,(anonymous_6)
FNDA:0,(anonymous_7)
FNDA:0,(anonymous_8)
FNDA:0,(anonymous_9)
FNDA:0,(anonymous_10)
FNDA:0,(anonymous_11)
FNDA:0,PerformanceDashboard
FNDA:0,(anonymous_13)
FNDA:0,(anonymous_14)
FNDA:0,(anonymous_15)
FNDA:0,fetchPerformanceData
FNDA:0,(anonymous_17)
FNDA:0,(anonymous_18)
FNDA:0,(anonymous_19)
FNDA:0,(anonymous_20)
FNDA:0,(anonymous_21)
FNDA:0,clearCache
FNDA:0,(anonymous_23)
FNDA:0,(anonymous_24)
FNDA:0,(anonymous_25)
FNDA:0,(anonymous_26)
FNDA:0,(anonymous_27)
FNDA:0,(anonymous_28)
FNDA:0,(anonymous_29)
FNDA:0,(anonymous_30)
FNDA:0,(anonymous_31)
FNDA:0,(anonymous_32)
FNDA:0,(anonymous_33)
FNDA:0,(anonymous_34)
DA:3,0
DA:4,0
DA:5,0
DA:9,0
DA:11,0
DA:12,0
DA:13,0
DA:14,0
DA:15,0
DA:16,0
DA:19,0
DA:24,0
DA:27,0
DA:72,0
DA:73,0
DA:74,0
DA:75,0
DA:76,0
DA:77,0
DA:78,0
DA:79,0
DA:80,0
DA:81,0
DA:84,0
DA:87,0
DA:93,0
DA:94,0
DA:103,0
DA:104,0
DA:105,0
DA:107,0
DA:108,0
DA:109,0
DA:111,0
DA:112,0
DA:116,0
DA:120,0
DA:123,0
DA:124,0
DA:128,0
DA:130,0
DA:132,0
DA:136,0
DA:149,0
DA:152,0
DA:153,0
DA:154,0
DA:157,0
DA:158,0
DA:159,0
DA:160,0
DA:161,0
DA:166,0
DA:167,0
DA:168,0
DA:169,0
DA:170,0
DA:176,0
DA:182,0
DA:183,0
DA:185,0
DA:186,0
DA:187,0
DA:188,0
DA:189,0
DA:195,0
DA:196,0
DA:202,0
DA:203,0
DA:204,0
DA:206,0
DA:209,0
DA:213,0
DA:214,0
DA:215,0
DA:221,0
DA:223,0
DA:224,0
DA:225,0
DA:226,0
DA:228,0
DA:237,0
DA:238,0
DA:239,0
DA:242,0
DA:245,0
DA:248,0
DA:250,0
DA:251,0
DA:254,0
DA:255,0
DA:257,0
DA:261,0
DA:262,0
DA:263,0
DA:264,0
DA:265,0
DA:267,0
DA:269,0
DA:274,0
DA:275,0
DA:277,0
DA:287,0
DA:288,0
DA:290,0
DA:297,0
DA:298,0
DA:299,0
DA:300,0
DA:301,0
DA:302,0
DA:306,0
DA:307,0
DA:308,0
DA:309,0
DA:310,0
DA:311,0
DA:315,0
DA:316,0
DA:348,0
DA:379,0
LF:121
LH:0
BRDA:93,0,0,0
BRDA:93,0,1,0
BRDA:104,1,0,0
BRDA:104,1,1,0
BRDA:111,2,0,0
BRDA:111,2,1,0
BRDA:119,3,0,0
BRDA:120,4,0,0
BRDA:120,4,1,0
BRDA:123,5,0,0
BRDA:123,5,1,0
BRDA:138,6,0,0
BRDA:138,6,1,0
BRDA:143,7,0,0
BRDA:143,7,1,0
BRDA:157,8,0,0
BRDA:157,8,1,0
BRDA:159,9,0,0
BRDA:159,9,1,0
BRDA:159,10,0,0
BRDA:159,10,1,0
BRDA:166,11,0,0
BRDA:166,11,1,0
BRDA:168,12,0,0
BRDA:168,12,1,0
BRDA:168,13,0,0
BRDA:168,13,1,0
BRDA:177,14,0,0
BRDA:177,14,1,0
BRDA:185,15,0,0
BRDA:185,15,1,0
BRDA:187,16,0,0
BRDA:187,16,1,0
BRDA:187,17,0,0
BRDA:187,17,1,0
BRDA:195,18,0,0
BRDA:195,18,1,0
BRDA:195,19,0,0
BRDA:195,19,1,0
BRDA:202,20,0,0
BRDA:202,20,1,0
BRDA:202,21,0,0
BRDA:202,21,1,0
BRDA:206,22,0,0
BRDA:206,22,1,0
BRDA:210,23,0,0
BRDA:210,23,1,0
BRDA:214,24,0,0
BRDA:214,24,1,0
BRDA:220,25,0,0
BRDA:221,26,0,0
BRDA:221,26,1,0
BRDA:231,27,0,0
BRDA:231,27,1,0
BRDA:237,28,0,0
BRDA:237,28,1,0
BRDA:251,29,0,0
BRDA:251,29,1,0
BRDA:255,30,0,0
BRDA:255,30,1,0
BRDA:267,31,0,0
BRDA:267,31,1,0
BRDA:275,32,0,0
BRDA:275,32,1,0
BRDA:278,33,0,0
BRDA:278,33,1,0
BRDA:288,34,0,0
BRDA:288,34,1,0
BRDA:298,35,0,0
BRDA:298,35,1,0
BRDA:298,35,2,0
BRDA:298,35,3,0
BRDA:307,36,0,0
BRDA:307,36,1,0
BRDA:307,36,2,0
BRDA:307,36,3,0
BRDA:316,37,0,0
BRDA:316,37,1,0
BRDA:343,38,0,0
BRDA:343,38,1,0
BRDA:359,39,0,0
BRDA:371,40,0,0
BRDA:389,41,0,0
BRDA:390,42,0,0
BRDA:390,42,1,0
BRDA:394,43,0,0
BRDA:396,44,0,0
BRDA:401,45,0,0
BRDA:401,45,1,0
BRDA:402,46,0,0
BRDA:402,46,1,0
BRDA:405,47,0,0
BRDA:405,47,1,0
BRDA:413,48,0,0
BRDA:413,48,1,0
BRDA:417,49,0,0
BRDA:417,49,1,0
BRDA:421,50,0,0
BRDA:421,50,1,0
BRDA:425,51,0,0
BRDA:425,51,1,0
BRDA:439,52,0,0
BRDA:439,52,1,0
BRDA:451,53,0,0
BRDA:451,53,1,0
BRDA:463,54,0,0
BRDA:463,54,1,0
BRDA:475,55,0,0
BRDA:475,55,1,0
BRDA:486,56,0,0
BRDA:486,56,1,0
BRDA:510,57,0,0
BRDA:513,58,0,0
BRDA:513,58,1,0
BRDA:530,59,0,0
BRDA:533,60,0,0
BRDA:533,60,1,0
BRF:117
BRH:0
end_of_record
TN:
SF:app/admin/users/page.tsx
FN:49,AdminUsers
FN:83,(anonymous_3)
FN:85,(anonymous_4)
FN:89,(anonymous_5)
FN:97,(anonymous_6)
FN:100,(anonymous_7)
FN:106,(anonymous_8)
FN:114,(anonymous_9)
FN:115,(anonymous_10)
FN:117,(anonymous_11)
FN:122,(anonymous_12)
FN:125,(anonymous_13)
FN:140,(anonymous_14)
FN:158,(anonymous_15)
FN:177,(anonymous_16)
FN:210,(anonymous_17)
FN:229,(anonymous_18)
FN:242,(anonymous_19)
FN:260,(anonymous_20)
FN:273,(anonymous_21)
FN:278,(anonymous_22)
FN:283,(anonymous_23)
FN:336,(anonymous_24)
FN:352,(anonymous_25)
FN:368,(anonymous_26)
FN:375,(anonymous_27)
FN:380,(anonymous_28)
FN:389,(anonymous_29)
FN:436,(anonymous_30)
FN:473,(anonymous_31)
FN:480,(anonymous_32)
FN:485,(anonymous_33)
FN:503,(anonymous_34)
FN:504,(anonymous_35)
FN:514,(anonymous_36)
FN:530,(anonymous_37)
FN:577,(anonymous_38)
FN:594,(anonymous_39)
FN:616,(anonymous_40)
FN:616,(anonymous_41)
FN:629,(anonymous_42)
FN:629,(anonymous_43)
FN:645,(anonymous_44)
FN:645,(anonymous_45)
FN:668,(anonymous_46)
FN:675,(anonymous_47)
FN:682,(anonymous_48)
FN:689,(anonymous_49)
FN:706,(anonymous_50)
FN:722,(anonymous_51)
FN:741,(anonymous_52)
FN:743,(anonymous_53)
FN:772,(anonymous_54)
FN:778,(anonymous_55)
FN:780,(anonymous_56)
FN:782,(anonymous_57)
FN:782,(anonymous_58)
FN:808,(anonymous_59)
FN:845,(anonymous_60)
FN:854,(anonymous_61)
FN:863,(anonymous_62)
FN:873,(anonymous_63)
FN:917,(anonymous_64)
FN:917,(anonymous_65)
FN:929,(anonymous_66)
FN:929,(anonymous_67)
FNF:66
FNH:0
FNDA:0,AdminUsers
FNDA:0,(anonymous_3)
FNDA:0,(anonymous_4)
FNDA:0,(anonymous_5)
FNDA:0,(anonymous_6)
FNDA:0,(anonymous_7)
FNDA:0,(anonymous_8)
FNDA:0,(anonymous_9)
FNDA:0,(anonymous_10)
FNDA:0,(anonymous_11)
FNDA:0,(anonymous_12)
FNDA:0,(anonymous_13)
FNDA:0,(anonymous_14)
FNDA:0,(anonymous_15)
FNDA:0,(anonymous_16)
FNDA:0,(anonymous_17)
FNDA:0,(anonymous_18)
FNDA:0,(anonymous_19)
FNDA:0,(anonymous_20)
FNDA:0,(anonymous_21)
FNDA:0,(anonymous_22)
FNDA:0,(anonymous_23)
FNDA:0,(anonymous_24)
FNDA:0,(anonymous_25)
FNDA:0,(anonymous_26)
FNDA:0,(anonymous_27)
FNDA:0,(anonymous_28)
FNDA:0,(anonymous_29)
FNDA:0,(anonymous_30)
FNDA:0,(anonymous_31)
FNDA:0,(anonymous_32)
FNDA:0,(anonymous_33)
FNDA:0,(anonymous_34)
FNDA:0,(anonymous_35)
FNDA:0,(anonymous_36)
FNDA:0,(anonymous_37)
FNDA:0,(anonymous_38)
FNDA:0,(anonymous_39)
FNDA:0,(anonymous_40)
FNDA:0,(anonymous_41)
FNDA:0,(anonymous_42)
FNDA:0,(anonymous_43)
FNDA:0,(anonymous_44)
FNDA:0,(anonymous_45)
FNDA:0,(anonymous_46)
FNDA:0,(anonymous_47)
FNDA:0,(anonymous_48)
FNDA:0,(anonymous_49)
FNDA:0,(anonymous_50)
FNDA:0,(anonymous_51)
FNDA:0,(anonymous_52)
FNDA:0,(anonymous_53)
FNDA:0,(anonymous_54)
FNDA:0,(anonymous_55)
FNDA:0,(anonymous_56)
FNDA:0,(anonymous_57)
FNDA:0,(anonymous_58)
FNDA:0,(anonymous_59)
FNDA:0,(anonymous_60)
FNDA:0,(anonymous_61)
FNDA:0,(anonymous_62)
FNDA:0,(anonymous_63)
FNDA:0,(anonymous_64)
FNDA:0,(anonymous_65)
FNDA:0,(anonymous_66)
FNDA:0,(anonymous_67)
DA:3,0
DA:4,0
DA:5,0
DA:6,0
DA:7,0
DA:8,0
DA:9,0
DA:10,0
DA:49,0
DA:50,0
DA:51,0
DA:52,0
DA:53,0
DA:54,0
DA:55,0
DA:56,0
DA:57,0
DA:62,0
DA:68,0
DA:69,0
DA:70,0
DA:71,0
DA:72,0
DA:73,0
DA:74,0
DA:78,0
DA:81,0
DA:83,0
DA:84,0
DA:85,0
DA:86,0
DA:87,0
DA:89,0
DA:93,0
DA:94,0
DA:97,0
DA:98,0
DA:100,0
DA:101,0
DA:106,0
DA:107,0
DA:108,0
DA:109,0
DA:114,0
DA:115,0
DA:116,0
DA:117,0
DA:118,0
DA:122,0
DA:125,0
DA:126,0
DA:127,0
DA:129,0
DA:130,0
DA:135,0
DA:136,0
DA:137,0
DA:139,0
DA:140,0
DA:142,0
DA:150,0
DA:152,0
DA:153,0
DA:156,0
DA:157,0
DA:158,0
DA:165,0
DA:166,0
DA:167,0
DA:169,0
DA:170,0
DA:173,0
DA:177,0
DA:178,0
DA:179,0
DA:180,0
DA:183,0
DA:184,0
DA:185,0
DA:187,0
DA:194,0
DA:196,0
DA:197,0
DA:198,0
DA:199,0
DA:202,0
DA:203,0
DA:204,0
DA:206,0
DA:210,0
DA:211,0
DA:213,0
DA:214,0
DA:223,0
DA:224,0
DA:225,0
DA:228,0
DA:229,0
DA:232,0
DA:235,0
DA:236,0
DA:238,0
DA:242,0
DA:243,0
DA:245,0
DA:246,0
DA:254,0
DA:255,0
DA:256,0
DA:259,0
DA:260,0
DA:263,0
DA:266,0
DA:267,0
DA:269,0
DA:273,0
DA:274,0
DA:275,0
DA:278,0
DA:279,0
DA:280,0
DA:283,0
DA:284,0
DA:286,0
DA:287,0
DA:288,0
DA:289,0
DA:291,0
DA:293,0
DA:294,0
DA:295,0
DA:297,0
DA:298,0
DA:299,0
DA:300,0
DA:302,0
DA:303,0
DA:304,0
DA:307,0
DA:315,0
DA:316,0
DA:319,0
DA:321,0
DA:322,0
DA:326,0
DA:329,0
DA:330,0
DA:332,0
DA:336,0
DA:337,0
DA:339,0
DA:343,0
DA:345,0
DA:347,0
DA:349,0
DA:350,0
DA:351,0
DA:352,0
DA:353,0
DA:355,0
DA:358,0
DA:359,0
DA:362,0
DA:364,0
DA:368,0
DA:369,0
DA:375,0
DA:376,0
DA:377,0
DA:380,0
DA:381,0
DA:382,0
DA:383,0
DA:384,0
DA:385,0
DA:389,0
DA:390,0
DA:391,0
DA:400,0
DA:410,0
DA:425,0
DA:436,0
DA:437,0
DA:474,0
DA:480,0
DA:485,0
DA:503,0
DA:505,0
DA:515,0
DA:530,0
DA:577,0
DA:616,0
DA:629,0
DA:645,0
DA:668,0
DA:675,0
DA:682,0
DA:689,0
DA:706,0
DA:722,0
DA:742,0
DA:743,0
DA:745,0
DA:773,0
DA:779,0
DA:780,0
DA:782,0
DA:809,0
DA:845,0
DA:854,0
DA:863,0
DA:874,0
DA:875,0
DA:917,0
DA:929,0
LF:215
LH:0
BRDA:78,0,0,0
BRDA:78,0,1,0
BRDA:84,1,0,0
BRDA:84,1,1,0
BRDA:84,2,0,0
BRDA:84,2,1,0
BRDA:93,3,0,0
BRDA:93,3,1,0
BRDA:93,3,2,0
BRDA:93,3,3,0
BRDA:94,4,0,0
BRDA:94,4,1,0
BRDA:98,5,0,0
BRDA:98,5,1,0
BRDA:98,6,0,0
BRDA:98,6,1,0
BRDA:98,6,2,0
BRDA:107,7,0,0
BRDA:107,7,1,0
BRDA:107,8,0,0
BRDA:107,8,1,0
BRDA:116,9,0,0
BRDA:116,9,1,0
BRDA:116,10,0,0
BRDA:116,10,1,0
BRDA:135,11,0,0
BRDA:135,11,1,0
BRDA:136,12,0,0
BRDA:136,12,1,0
BRDA:137,13,0,0
BRDA:137,13,1,0
BRDA:144,14,0,0
BRDA:144,14,1,0
BRDA:152,15,0,0
BRDA:152,15,1,0
BRDA:165,16,0,0
BRDA:165,16,1,0
BRDA:165,17,0,0
BRDA:165,17,1,0
BRDA:170,18,0,0
BRDA:170,18,1,0
BRDA:178,19,0,0
BRDA:178,19,1,0
BRDA:196,20,0,0
BRDA:196,20,1,0
BRDA:217,21,0,0
BRDA:217,21,1,0
BRDA:223,22,0,0
BRDA:223,22,1,0
BRDA:225,23,0,0
BRDA:225,23,1,0
BRDA:236,24,0,0
BRDA:236,24,1,0
BRDA:249,25,0,0
BRDA:249,25,1,0
BRDA:254,26,0,0
BRDA:254,26,1,0
BRDA:256,27,0,0
BRDA:256,27,1,0
BRDA:267,28,0,0
BRDA:267,28,1,0
BRDA:291,29,0,0
BRDA:291,29,1,0
BRDA:291,29,2,0
BRDA:294,30,0,0
BRDA:294,30,1,0
BRDA:310,31,0,0
BRDA:310,31,1,0
BRDA:315,32,0,0
BRDA:315,32,1,0
BRDA:315,33,0,0
BRDA:315,33,1,0
BRDA:321,34,0,0
BRDA:321,34,1,0
BRDA:330,35,0,0
BRDA:330,35,1,0
BRDA:337,36,0,0
BRDA:337,36,1,0
BRDA:339,37,0,0
BRDA:339,37,1,0
BRDA:339,38,0,0
BRDA:339,38,1,0
BRDA:343,39,0,0
BRDA:343,39,1,0
BRDA:343,40,0,0
BRDA:343,40,1,0
BRDA:343,40,2,0
BRDA:353,41,0,0
BRDA:353,41,1,0
BRDA:369,42,0,0
BRDA:369,42,1,0
BRDA:376,43,0,0
BRDA:376,43,1,0
BRDA:381,44,0,0
BRDA:381,44,1,0
BRDA:381,44,2,0
BRDA:381,44,3,0
BRDA:390,45,0,0
BRDA:390,45,1,0
BRDA:400,46,0,0
BRDA:400,46,1,0
BRDA:410,47,0,0
BRDA:410,47,1,0
BRDA:425,48,0,0
BRDA:425,48,1,0
BRDA:425,49,0,0
BRDA:425,49,1,0
BRDA:437,50,0,0
BRDA:437,50,1,0
BRDA:437,51,0,0
BRDA:437,51,1,0
BRDA:462,52,0,0
BRDA:462,52,1,0
BRDA:472,53,0,0
BRDA:471,54,0,0
BRDA:471,54,1,0
BRDA:522,55,0,0
BRDA:589,56,0,0
BRDA:589,56,1,0
BRDA:604,57,0,0
BRDA:660,58,0,0
BRDA:700,59,0,0
BRDA:716,60,0,0
BRDA:740,61,0,0
BRDA:740,61,1,0
BRDA:742,62,0,0
BRDA:742,62,1,0
BRDA:779,63,0,0
BRDA:779,63,1,0
BRDA:799,64,0,0
BRDA:808,65,0,0
BRDA:807,66,0,0
BRDA:807,66,1,0
BRDA:813,67,0,0
BRDA:819,68,0,0
BRDA:830,69,0,0
BRDA:853,70,0,0
BRDA:874,71,0,0
BRDA:874,71,1,0
BRDA:892,72,0,0
BRDA:892,72,1,0
BRDA:897,73,0,0
BRDA:897,73,1,0
BRDA:897,74,0,0
BRDA:897,74,1,0
BRDA:897,74,2,0
BRDA:907,75,0,0
BRF:147
BRH:0
end_of_record
TN:
SF:app/api/admin/cache/clear/route.ts
FN:5,POST
FNF:1
FNH:0
FNDA:0,POST
DA:1,0
DA:3,0
DA:5,0
DA:6,0
DA:7,0
DA:8,0
DA:10,0
DA:19,0
DA:20,0
DA:21,0
DA:24,0
DA:25,0
DA:27,0
DA:28,0
LF:14
LH:0
BRDA:3,0,0,0
BRDA:3,0,1,0
BRDA:3,0,2,0
BRDA:14,1,0,0
BRDA:14,1,1,0
BRDA:19,2,0,0
BRDA:19,2,1,0
BRF:7
BRH:0
end_of_record
TN:
SF:app/api/admin/cache/stats/route.ts
FN:5,GET
FNF:1
FNH:0
FNDA:0,GET
DA:1,0
DA:3,0
DA:5,0
DA:6,0
DA:7,0
DA:9,0
DA:17,0
DA:19,0
DA:20,0
DA:22,0
DA:23,0
DA:26,0
DA:27,0
DA:29,0
DA:30,0
LF:15
LH:0
BRDA:3,0,0,0
BRDA:3,0,1,0
BRDA:3,0,2,0
BRDA:13,1,0,0
BRDA:13,1,1,0
BRDA:17,2,0,0
BRDA:17,2,1,0
BRDA:19,3,0,0
BRDA:19,3,1,0
BRF:9
BRH:0
end_of_record
TN:
SF:app/api/admin/performance/health/route.ts
FN:5,GET
FNF:1
FNH:0
FNDA:0,GET
DA:1,0
DA:3,0
DA:5,0
DA:6,0
DA:7,0
DA:9,0
DA:17,0
DA:18,0
DA:19,0
DA:22,0
DA:23,0
DA:25,0
DA:26,0
LF:13
LH:0
BRDA:3,0,0,0
BRDA:3,0,1,0
BRDA:3,0,2,0
BRDA:13,1,0,0
BRDA:13,1,1,0
BRDA:17,2,0,0
BRDA:17,2,1,0
BRF:7
BRH:0
end_of_record
TN:
SF:app/api/admin/performance/stats/route.ts
FN:5,GET
FNF:1
FNH:0
FNDA:0,GET
DA:1,0
DA:3,0
DA:5,0
DA:6,0
DA:7,0
DA:9,0
DA:17,0
DA:18,0
DA:19,0
DA:22,0
DA:23,0
DA:25,0
DA:26,0
LF:13
LH:0
BRDA:3,0,0,0
BRDA:3,0,1,0
BRDA:3,0,2,0
BRDA:13,1,0,0
BRDA:13,1,1,0
BRDA:17,2,0,0
BRDA:17,2,1,0
BRF:7
BRH:0
end_of_record
TN:
SF:app/api/admin/roles/route.ts
FN:10,GET
FN:51,POST
FNF:2
FNH:0
FNDA:0,GET
FNDA:0,POST
DA:6,0
DA:8,0
DA:10,0
DA:11,0
DA:12,0
DA:13,0
DA:15,0
DA:16,0
DA:20,0
DA:21,0
DA:23,0
DA:31,0
DA:32,0
DA:33,0
DA:34,0
DA:40,0
DA:41,0
DA:43,0
DA:44,0
DA:51,0
DA:52,0
DA:53,0
DA:54,0
DA:56,0
DA:57,0
DA:60,0
DA:69,0
DA:70,0
DA:71,0
DA:72,0
DA:78,0
DA:79,0
DA:81,0
DA:82,0
LF:34
LH:0
BRDA:8,0,0,0
BRDA:8,0,1,0
BRDA:8,0,2,0
BRDA:15,1,0,0
BRDA:15,1,1,0
BRDA:21,2,0,0
BRDA:21,2,1,0
BRDA:31,3,0,0
BRDA:31,3,1,0
BRDA:45,4,0,0
BRDA:45,4,1,0
BRDA:56,5,0,0
BRDA:56,5,1,0
BRDA:69,6,0,0
BRDA:69,6,1,0
BRDA:83,7,0,0
BRDA:83,7,1,0
BRF:17
BRH:0
end_of_record
TN:
SF:app/api/admin/users/route.ts
FN:10,GET
FN:51,POST
FNF:2
FNH:0
FNDA:0,GET
FNDA:0,POST
DA:6,0
DA:8,0
DA:10,0
DA:11,0
DA:12,0
DA:13,0
DA:15,0
DA:16,0
DA:20,0
DA:21,0
DA:23,0
DA:31,0
DA:32,0
DA:33,0
DA:34,0
DA:40,0
DA:41,0
DA:43,0
DA:44,0
DA:51,0
DA:52,0
DA:53,0
DA:54,0
DA:56,0
DA:57,0
DA:60,0
DA:69,0
DA:70,0
DA:71,0
DA:72,0
DA:78,0
DA:79,0
DA:81,0
DA:82,0
LF:34
LH:0
BRDA:8,0,0,0
BRDA:8,0,1,0
BRDA:8,0,2,0
BRDA:15,1,0,0
BRDA:15,1,1,0
BRDA:21,2,0,0
BRDA:21,2,1,0
BRDA:31,3,0,0
BRDA:31,3,1,0
BRDA:45,4,0,0
BRDA:45,4,1,0
BRDA:56,5,0,0
BRDA:56,5,1,0
BRDA:69,6,0,0
BRDA:69,6,1,0
BRDA:83,7,0,0
BRDA:83,7,1,0
BRF:17
BRH:0
end_of_record
TN:
SF:app/api/ai/help/context/route.ts
FN:5,GET
FNF:1
FNH:0
FNDA:0,GET
DA:1,0
DA:3,0
DA:5,0
DA:6,0
DA:7,0
DA:8,0
DA:10,0
DA:11,0
DA:18,0
DA:21,0
DA:29,0
DA:30,0
DA:31,0
DA:37,0
DA:38,0
DA:40,0
DA:41,0
LF:17
LH:0
BRDA:3,0,0,0
BRDA:3,0,1,0
BRDA:10,1,0,0
BRDA:10,1,1,0
BRDA:25,2,0,0
BRDA:25,2,1,0
BRDA:29,3,0,0
BRDA:29,3,1,0
BRDA:42,4,0,0
BRDA:42,4,1,0
BRF:10
BRH:0
end_of_record
TN:
SF:app/api/ai/help/feedback/route.ts
FN:5,POST
FNF:1
FNH:0
FNDA:0,POST
DA:1,0
DA:3,0
DA:5,0
DA:6,0
DA:7,0
DA:10,0
DA:13,0
DA:22,0
DA:23,0
DA:24,0
DA:30,0
DA:31,0
DA:33,0
DA:34,0
LF:14
LH:0
BRDA:3,0,0,0
BRDA:3,0,1,0
BRDA:17,1,0,0
BRDA:17,1,1,0
BRDA:22,2,0,0
BRDA:22,2,1,0
BRDA:35,3,0,0
BRDA:35,3,1,0
BRF:8
BRH:0
end_of_record
TN:
SF:app/api/ai/help/language/preference/route.ts
FN:5,GET
FN:38,POST
FNF:2
FNH:0
FNDA:0,GET
FNDA:0,POST
DA:1,0
DA:3,0
DA:5,0
DA:6,0
DA:8,0
DA:11,0
DA:19,0
DA:20,0
DA:21,0
DA:27,0
DA:28,0
DA:30,0
DA:31,0
DA:38,0
DA:39,0
DA:40,0
DA:43,0
DA:46,0
DA:55,0
DA:56,0
DA:57,0
DA:63,0
DA:64,0
DA:66,0
DA:67,0
LF:25
LH:0
BRDA:3,0,0,0
BRDA:3,0,1,0
BRDA:15,1,0,0
BRDA:15,1,1,0
BRDA:19,2,0,0
BRDA:19,2,1,0
BRDA:32,3,0,0
BRDA:32,3,1,0
BRDA:50,4,0,0
BRDA:50,4,1,0
BRDA:55,5,0,0
BRDA:55,5,1,0
BRDA:68,6,0,0
BRDA:68,6,1,0
BRF:14
BRH:0
end_of_record
TN:
SF:app/api/ai/help/languages/route.ts
FN:5,GET
FNF:1
FNH:0
FNDA:0,GET
DA:1,0
DA:3,0
DA:5,0
DA:6,0
DA:8,0
DA:11,0
DA:19,0
DA:20,0
DA:21,0
DA:27,0
DA:28,0
DA:30,0
DA:31,0
LF:13
LH:0
BRDA:3,0,0,0
BRDA:3,0,1,0
BRDA:15,1,0,0
BRDA:15,1,1,0
BRDA:19,2,0,0
BRDA:19,2,1,0
BRDA:32,3,0,0
BRDA:32,3,1,0
BRF:8
BRH:0
end_of_record
TN:
SF:app/api/ai/help/query/route.ts
FN:6,POST
FN:38,(anonymous_2)
FN:44,(anonymous_3)
FNF:3
FNH:0
FNDA:0,POST
FNDA:0,(anonymous_2)
FNDA:0,(anonymous_3)
DA:1,0
DA:3,0
DA:4,0
DA:6,0
DA:7,0
DA:8,0
DA:10,0
DA:13,0
DA:14,0
DA:16,0
DA:38,0
DA:44,0
DA:53,0
DA:57,0
DA:65,0
DA:67,0
DA:68,0
DA:72,0
DA:73,0
DA:83,0
DA:85,0
DA:99,0
DA:100,0
DA:101,0
DA:103,0
DA:109,0
DA:111,0
DA:124,0
DA:126,0
DA:127,0
LF:30
LH:0
BRDA:3,0,0,0
BRDA:3,0,1,0
BRDA:13,1,0,0
BRDA:13,1,1,0
BRDA:18,2,0,0
BRDA:18,2,1,0
BRDA:59,3,0,0
BRDA:59,3,1,0
BRDA:61,4,0,0
BRDA:61,4,1,0
BRDA:62,5,0,0
BRDA:62,5,1,0
BRDA:78,6,0,0
BRDA:78,6,1,0
BRDA:87,7,0,0
BRDA:87,7,1,0
BRDA:99,8,0,0
BRDA:99,8,1,0
BRDA:113,9,0,0
BRDA:113,9,1,0
BRDA:114,10,0,0
BRDA:114,10,1,0
BRDA:115,11,0,0
BRDA:115,11,1,0
BRDA:116,12,0,0
BRDA:116,12,1,0
BRDA:116,12,2,0
BRDA:117,13,0,0
BRDA:117,13,1,0
BRDA:117,13,2,0
BRDA:118,14,0,0
BRDA:118,14,1,0
BRDA:118,14,2,0
BRDA:119,15,0,0
BRDA:119,15,1,0
BRDA:119,15,2,0
BRDA:120,16,0,0
BRDA:120,16,1,0
BRDA:120,16,2,0
BRDA:121,17,0,0
BRDA:121,17,1,0
BRDA:121,17,2,0
BRDA:128,18,0,0
BRDA:128,18,1,0
BRF:44
BRH:0
end_of_record
TN:
SF:app/api/ai/help/tips/route.ts
FN:5,GET
FNF:1
FNH:0
FNDA:0,GET
DA:1,0
DA:3,0
DA:5,0
DA:6,0
DA:8,0
DA:11,0
DA:14,0
DA:16,0
DA:24,0
DA:25,0
DA:26,0
DA:32,0
DA:33,0
DA:35,0
DA:36,0
LF:15
LH:0
BRDA:3,0,0,0
BRDA:3,0,1,0
BRDA:20,1,0,0
BRDA:20,1,1,0
BRDA:24,2,0,0
BRDA:24,2,1,0
BRDA:37,3,0,0
BRDA:37,3,1,0
BRF:8
BRH:0
end_of_record
TN:
SF:app/api/ai/resource-optimizer/route.ts
FN:10,POST
FN:28,(anonymous_4)
FN:47,GET
FN:61,(anonymous_6)
FNF:4
FNH:0
FNDA:0,POST
FNDA:0,(anonymous_4)
FNDA:0,GET
FNDA:0,(anonymous_6)
DA:6,0
DA:8,0
DA:10,0
DA:11,0
DA:12,0
DA:15,0
DA:18,0
DA:27,0
DA:28,0
DA:29,0
DA:35,0
DA:36,0
DA:39,0
DA:40,0
DA:47,0
DA:48,0
DA:49,0
DA:52,0
DA:60,0
DA:61,0
DA:62,0
DA:68,0
DA:69,0
DA:72,0
DA:73,0
LF:25
LH:0
BRDA:8,0,0,0
BRDA:8,0,1,0
BRDA:22,1,0,0
BRDA:22,1,1,0
BRDA:27,2,0,0
BRDA:27,2,1,0
BRDA:30,3,0,0
BRDA:30,3,1,0
BRDA:56,4,0,0
BRDA:56,4,1,0
BRDA:60,5,0,0
BRDA:60,5,1,0
BRDA:63,6,0,0
BRDA:63,6,1,0
BRF:14
BRH:0
end_of_record
TN:
SF:app/api/ai/resource-optimizer/apply/[suggestionId]/route.ts
FN:10,POST
FN:29,(anonymous_2)
FNF:2
FNH:0
FNDA:0,POST
FNDA:0,(anonymous_2)
DA:6,0
DA:8,0
DA:10,0
DA:14,0
DA:15,0
DA:16,0
DA:17,0
DA:19,0
DA:28,0
DA:29,0
DA:30,0
DA:36,0
DA:37,0
DA:40,0
DA:41,0
LF:15
LH:0
BRDA:8,0,0,0
BRDA:8,0,1,0
BRDA:23,1,0,0
BRDA:23,1,1,0
BRDA:28,2,0,0
BRDA:28,2,1,0
BRDA:31,3,0,0
BRDA:31,3,1,0
BRF:8
BRH:0
end_of_record
TN:
SF:app/api/ai/resource-optimizer/conflicts/route.ts
FN:10,GET
FN:23,(anonymous_2)
FNF:2
FNH:0
FNDA:0,GET
FNDA:0,(anonymous_2)
DA:6,0
DA:8,0
DA:10,0
DA:11,0
DA:12,0
DA:14,0
DA:22,0
DA:23,0
DA:24,0
DA:30,0
DA:31,0
DA:34,0
DA:35,0
LF:13
LH:0
BRDA:8,0,0,0
BRDA:8,0,1,0
BRDA:18,1,0,0
BRDA:18,1,1,0
BRDA:22,2,0,0
BRDA:22,2,1,0
BRDA:25,3,0,0
BRDA:25,3,1,0
BRF:8
BRH:0
end_of_record
TN:
SF:app/api/ai/resource-optimizer/metrics/route.ts
FN:10,GET
FN:25,(anonymous_2)
FNF:2
FNH:0
FNDA:0,GET
FNDA:0,(anonymous_2)
DA:6,0
DA:8,0
DA:10,0
DA:11,0
DA:12,0
DA:13,0
DA:14,0
DA:16,0
DA:24,0
DA:25,0
DA:26,0
DA:32,0
DA:33,0
DA:36,0
DA:37,0
LF:15
LH:0
BRDA:8,0,0,0
BRDA:8,0,1,0
BRDA:13,1,0,0
BRDA:13,1,1,0
BRDA:20,2,0,0
BRDA:20,2,1,0
BRDA:24,3,0,0
BRDA:24,3,1,0
BRDA:27,4,0,0
BRDA:27,4,1,0
BRF:10
BRH:0
end_of_record
TN:
SF:app/api/ai/resource-optimizer/team-composition/route.ts
FN:10,POST
FN:25,(anonymous_2)
FNF:2
FNH:0
FNDA:0,POST
FNDA:0,(anonymous_2)
DA:6,0
DA:8,0
DA:10,0
DA:11,0
DA:12,0
DA:13,0
DA:15,0
DA:24,0
DA:25,0
DA:26,0
DA:32,0
DA:33,0
DA:36,0
DA:37,0
LF:14
LH:0
BRDA:8,0,0,0
BRDA:8,0,1,0
BRDA:19,1,0,0
BRDA:19,1,1,0
BRDA:24,2,0,0
BRDA:24,2,1,0
BRDA:27,3,0,0
BRDA:27,3,1,0
BRF:8
BRH:0
end_of_record
TN:
SF:app/api/analytics/performance/route.ts
FN:8,POST
FNF:1
FNH:0
FNDA:0,POST
DA:6,0
DA:8,0
DA:9,0
DA:10,0
DA:13,0
DA:14,0
DA:24,0
DA:29,0
DA:30,0
LF:9
LH:0
BRDA:13,0,0,0
BRDA:13,0,1,0
BRDA:17,1,0,0
BRDA:17,1,1,0
BRDA:31,2,0,0
BRDA:31,2,1,0
BRF:6
BRH:0
end_of_record
TN:
SF:app/api/csv-import/route.ts
FN:25,POST
FN:67,(anonymous_4)
FN:110,GET
FNF:3
FNH:0
FNDA:0,POST
FNDA:0,(anonymous_4)
FNDA:0,GET
DA:6,0
DA:25,0
DA:26,0
DA:27,0
DA:28,0
DA:29,0
DA:30,0
DA:31,0
DA:32,0
DA:35,0
DA:36,0
DA:41,0
DA:42,0
DA:48,0
DA:49,0
DA:55,0
DA:56,0
DA:57,0
DA:63,0
DA:66,0
DA:67,0
DA:69,0
DA:70,0
DA:76,0
DA:84,0
DA:92,0
DA:102,0
DA:103,0
DA:110,0
DA:111,0
DA:112,0
DA:113,0
DA:115,0
DA:116,0
DA:122,0
DA:142,0
DA:145,0
DA:146,0
LF:38
LH:0
BRDA:31,0,0,0
BRDA:31,0,1,0
BRDA:32,1,0,0
BRDA:32,1,1,0
BRDA:35,2,0,0
BRDA:35,2,1,0
BRDA:41,3,0,0
BRDA:41,3,1,0
BRDA:41,4,0,0
BRDA:41,4,1,0
BRDA:48,5,0,0
BRDA:48,5,1,0
BRDA:56,6,0,0
BRDA:56,6,1,0
BRDA:69,7,0,0
BRDA:69,7,1,0
BRDA:105,8,0,0
BRDA:105,8,1,0
BRDA:115,9,0,0
BRDA:115,9,1,0
BRDA:148,10,0,0
BRDA:148,10,1,0
BRF:22
BRH:0
end_of_record
TN:
SF:app/api/csv-import/history/route.ts
FN:78,GET
FN:91,(anonymous_4)
FN:95,(anonymous_5)
FN:99,(anonymous_6)
FN:103,(anonymous_7)
FN:118,(anonymous_8)
FN:119,(anonymous_9)
FN:120,(anonymous_10)
FN:121,(anonymous_11)
FN:136,DELETE
FN:148,(anonymous_13)
FNF:11
FNH:0
FNDA:0,GET
FNDA:0,(anonymous_4)
FNDA:0,(anonymous_5)
FNDA:0,(anonymous_6)
FNDA:0,(anonymous_7)
FNDA:0,(anonymous_8)
FNDA:0,(anonymous_9)
FNDA:0,(anonymous_10)
FNDA:0,(anonymous_11)
FNDA:0,DELETE
FNDA:0,(anonymous_13)
DA:6,0
DA:22,0
DA:78,0
DA:79,0
DA:80,0
DA:81,0
DA:82,0
DA:83,0
DA:84,0
DA:85,0
DA:88,0
DA:90,0
DA:91,0
DA:94,0
DA:95,0
DA:98,0
DA:99,0
DA:103,0
DA:106,0
DA:108,0
DA:118,0
DA:119,0
DA:120,0
DA:121,0
DA:125,0
DA:128,0
DA:129,0
DA:136,0
DA:137,0
DA:138,0
DA:139,0
DA:141,0
DA:142,0
DA:148,0
DA:150,0
DA:151,0
DA:157,0
DA:159,0
DA:165,0
DA:166,0
LF:40
LH:0
BRDA:84,0,0,0
BRDA:84,0,1,0
BRDA:85,1,0,0
BRDA:85,1,1,0
BRDA:90,2,0,0
BRDA:90,2,1,0
BRDA:94,3,0,0
BRDA:94,3,1,0
BRDA:98,4,0,0
BRDA:98,4,1,0
BRDA:131,5,0,0
BRDA:131,5,1,0
BRDA:141,6,0,0
BRDA:141,6,1,0
BRDA:150,7,0,0
BRDA:150,7,1,0
BRDA:168,8,0,0
BRDA:168,8,1,0
BRF:18
BRH:0
end_of_record
TN:
SF:app/api/csv-import/variances/route.ts
FN:10,GET
FNF:1
FNH:0
FNDA:0,GET
DA:6,0
DA:8,0
DA:10,0
DA:11,0
DA:12,0
DA:15,0
DA:16,0
DA:19,0
DA:22,0
DA:30,0
DA:31,0
DA:32,0
DA:33,0
DA:39,0
DA:40,0
DA:42,0
DA:43,0
LF:17
LH:0
BRDA:8,0,0,0
BRDA:8,0,1,0
BRDA:8,0,2,0
BRDA:16,1,0,0
BRDA:16,1,1,0
BRDA:26,2,0,0
BRDA:26,2,1,0
BRDA:30,3,0,0
BRDA:30,3,1,0
BRDA:44,4,0,0
BRDA:44,4,1,0
BRF:11
BRH:0
end_of_record
TN:
SF:app/api/feedback/bugs/route.ts
FN:10,GET
FN:53,POST
FNF:2
FNH:0
FNDA:0,GET
FNDA:0,POST
DA:6,0
DA:8,0
DA:10,0
DA:11,0
DA:12,0
DA:13,0
DA:16,0
DA:18,0
DA:20,0
DA:24,0
DA:25,0
DA:28,0
DA:33,0
DA:34,0
DA:35,0
DA:36,0
DA:42,0
DA:43,0
DA:45,0
DA:46,0
DA:53,0
DA:54,0
DA:55,0
DA:56,0
DA:58,0
DA:59,0
DA:62,0
DA:71,0
DA:72,0
DA:73,0
DA:74,0
DA:80,0
DA:81,0
DA:83,0
DA:84,0
LF:35
LH:0
BRDA:8,0,0,0
BRDA:8,0,1,0
BRDA:8,0,2,0
BRDA:18,1,0,0
BRDA:18,1,1,0
BRDA:24,2,0,0
BRDA:24,2,1,0
BRDA:33,3,0,0
BRDA:33,3,1,0
BRDA:47,4,0,0
BRDA:47,4,1,0
BRDA:58,5,0,0
BRDA:58,5,1,0
BRDA:71,6,0,0
BRDA:71,6,1,0
BRDA:85,7,0,0
BRDA:85,7,1,0
BRF:17
BRH:0
end_of_record
TN:
SF:app/api/feedback/features/route.ts
FN:10,GET
FN:47,POST
FNF:2
FNH:0
FNDA:0,GET
FNDA:0,POST
DA:6,0
DA:8,0
DA:10,0
DA:11,0
DA:12,0
DA:13,0
DA:16,0
DA:17,0
DA:19,0
DA:27,0
DA:28,0
DA:29,0
DA:30,0
DA:36,0
DA:37,0
DA:39,0
DA:40,0
DA:47,0
DA:48,0
DA:49,0
DA:50,0
DA:52,0
DA:61,0
DA:62,0
DA:63,0
DA:64,0
DA:70,0
DA:71,0
DA:73,0
DA:74,0
LF:30
LH:0
BRDA:8,0,0,0
BRDA:8,0,1,0
BRDA:8,0,2,0
BRDA:17,1,0,0
BRDA:17,1,1,0
BRDA:23,2,0,0
BRDA:23,2,1,0
BRDA:27,3,0,0
BRDA:27,3,1,0
BRDA:41,4,0,0
BRDA:41,4,1,0
BRDA:56,5,0,0
BRDA:56,5,1,0
BRDA:61,6,0,0
BRDA:61,6,1,0
BRDA:75,7,0,0
BRDA:75,7,1,0
BRF:17
BRH:0
end_of_record
TN:
SF:app/api/financial-tracking/budget-alerts/route.ts
FN:10,GET
FNF:1
FNH:0
FNDA:0,GET
DA:6,0
DA:8,0
DA:10,0
DA:11,0
DA:12,0
DA:13,0
DA:15,0
DA:16,0
DA:18,0
DA:22,0
DA:23,0
DA:26,0
DA:31,0
DA:32,0
DA:33,0
DA:34,0
DA:40,0
DA:41,0
DA:43,0
DA:44,0
LF:20
LH:0
BRDA:8,0,0,0
BRDA:8,0,1,0
BRDA:8,0,2,0
BRDA:16,1,0,0
BRDA:16,1,1,0
BRDA:22,2,0,0
BRDA:22,2,1,0
BRDA:31,3,0,0
BRDA:31,3,1,0
BRDA:45,4,0,0
BRDA:45,4,1,0
BRF:11
BRH:0
end_of_record
TN:
SF:app/api/financial-tracking/comprehensive-report/route.ts
FN:10,GET
FNF:1
FNH:0
FNDA:0,GET
DA:6,0
DA:8,0
DA:10,0
DA:11,0
DA:12,0
DA:13,0
DA:15,0
DA:16,0
DA:18,0
DA:22,0
DA:23,0
DA:26,0
DA:31,0
DA:32,0
DA:33,0
DA:34,0
DA:40,0
DA:41,0
DA:43,0
DA:44,0
LF:20
LH:0
BRDA:8,0,0,0
BRDA:8,0,1,0
BRDA:8,0,2,0
BRDA:16,1,0,0
BRDA:16,1,1,0
BRDA:22,2,0,0
BRDA:22,2,1,0
BRDA:31,3,0,0
BRDA:31,3,1,0
BRDA:45,4,0,0
BRDA:45,4,1,0
BRF:11
BRH:0
end_of_record
TN:
SF:app/api/health/route.ts
FN:9,GET
FNF:1
FNH:0
FNDA:0,GET
DA:6,0
DA:7,0
DA:9,0
DA:10,0
DA:11,0
DA:33,0
DA:36,0
LF:7
LH:0
BRDA:14,0,0,0
BRDA:14,0,1,0
BRDA:15,1,0,0
BRDA:15,1,1,0
BRDA:39,2,0,0
BRDA:39,2,1,0
BRF:6
BRH:0
end_of_record
TN:
SF:app/api/help-chat/context/route.ts
FN:8,POST
FNF:1
FNH:0
FNDA:0,POST
DA:6,0
DA:8,0
DA:9,0
DA:10,0
DA:11,0
DA:14,0
DA:45,0
DA:60,0
DA:71,0
DA:72,0
LF:10
LH:0
BRDA:45,0,0,0
BRDA:45,0,1,0
BRDA:75,1,0,0
BRDA:75,1,1,0
BRF:4
BRH:0
end_of_record
TN:
SF:app/api/help-chat/detect-language/route.ts
FN:28,detectLanguage
FN:41,(anonymous_2)
FN:51,(anonymous_3)
FN:53,(anonymous_4)
FN:72,POST
FNF:5
FNH:0
FNDA:0,detectLanguage
FNDA:0,(anonymous_2)
FNDA:0,(anonymous_3)
FNDA:0,(anonymous_4)
FNDA:0,POST
DA:6,0
DA:9,0
DA:29,0
DA:32,0
DA:37,0
DA:40,0
DA:41,0
DA:42,0
DA:43,0
DA:46,0
DA:47,0
DA:51,0
DA:52,0
DA:53,0
DA:54,0
DA:55,0
DA:58,0
DA:59,0
DA:60,0
DA:65,0
DA:66,0
DA:69,0
DA:72,0
DA:73,0
DA:74,0
DA:75,0
DA:77,0
DA:78,0
DA:84,0
DA:86,0
DA:97,0
DA:98,0
LF:32
LH:0
BRDA:43,0,0,0
BRDA:43,0,1,0
BRDA:46,1,0,0
BRDA:46,1,1,0
BRDA:55,2,0,0
BRDA:55,2,1,0
BRDA:59,3,0,0
BRDA:59,3,1,0
BRDA:65,4,0,0
BRDA:65,4,1,0
BRDA:77,5,0,0
BRDA:77,5,1,0
BRDA:101,6,0,0
BRDA:101,6,1,0
BRF:14
BRH:0
end_of_record
TN:
SF:app/api/help-chat/error-report/route.ts
FN:8,POST
FNF:1
FNH:0
FNDA:0,POST
DA:6,0
DA:8,0
DA:9,0
DA:10,0
DA:11,0
DA:14,0
DA:25,0
DA:37,0
DA:38,0
LF:9
LH:0
BRDA:41,0,0,0
BRDA:41,0,1,0
BRF:2
BRH:0
end_of_record
TN:
SF:app/api/help-chat/feedback/route.ts
FN:8,POST
FNF:1
FNH:0
FNDA:0,POST
DA:6,0
DA:8,0
DA:9,0
DA:10,0
DA:11,0
DA:14,0
DA:22,0
DA:29,0
DA:36,0
DA:37,0
LF:10
LH:0
BRDA:40,0,0,0
BRDA:40,0,1,0
BRF:2
BRH:0
end_of_record
TN:
SF:app/api/help-chat/preferences/route.ts
FN:11,getDefaultPreferences
FN:26,GET
FN:51,PUT
FNF:3
FNH:0
FNDA:0,getDefaultPreferences
FNDA:0,GET
FNDA:0,PUT
DA:6,0
DA:9,0
DA:12,0
DA:26,0
DA:27,0
DA:28,0
DA:29,0
DA:31,0
DA:33,0
DA:40,0
DA:41,0
DA:51,0
DA:52,0
DA:53,0
DA:54,0
DA:55,0
DA:57,0
DA:58,0
DA:64,0
DA:66,0
DA:76,0
DA:77,0
LF:22
LH:0
BRDA:29,0,0,0
BRDA:29,0,1,0
BRDA:31,1,0,0
BRDA:31,1,1,0
BRDA:44,2,0,0
BRDA:44,2,1,0
BRDA:55,3,0,0
BRDA:55,3,1,0
BRDA:57,4,0,0
BRDA:57,4,1,0
BRDA:80,5,0,0
BRDA:80,5,1,0
BRF:12
BRH:0
end_of_record
TN:
SF:app/api/help-chat/query/route.ts
FN:4,POST
FN:54,(anonymous_2)
FNF:2
FNH:0
FNDA:0,POST
FNDA:0,(anonymous_2)
DA:1,0
DA:2,0
DA:4,0
DA:5,0
DA:6,0
DA:8,0
DA:9,0
DA:16,0
DA:29,0
DA:30,0
DA:31,0
DA:38,0
DA:39,0
DA:53,0
DA:54,0
DA:55,0
DA:58,0
DA:60,0
DA:71,0
DA:72,0
LF:20
LH:0
BRDA:6,0,0,0
BRDA:6,1,0,0
BRDA:8,2,0,0
BRDA:8,2,1,0
BRDA:8,3,0,0
BRDA:8,3,1,0
BRDA:22,4,0,0
BRDA:22,4,1,0
BRDA:30,5,0,0
BRDA:30,5,1,0
BRDA:38,6,0,0
BRDA:38,6,1,0
BRDA:43,7,0,0
BRDA:43,7,1,0
BRDA:47,8,0,0
BRDA:47,8,1,0
BRDA:53,9,0,0
BRDA:53,9,1,0
BRDA:55,10,0,0
BRDA:55,10,1,0
BRDA:64,11,0,0
BRDA:64,11,1,0
BRDA:67,12,0,0
BRDA:67,12,1,0
BRDA:75,13,0,0
BRDA:75,13,1,0
BRF:26
BRH:0
end_of_record
TN:
SF:app/api/help-chat/tips/route.ts
FN:85,POST
FN:104,(anonymous_4)
FN:112,(anonymous_5)
FN:141,GET
FN:147,(anonymous_7)
FNF:5
FNH:0
FNDA:0,POST
FNDA:0,(anonymous_4)
FNDA:0,(anonymous_5)
FNDA:0,GET
FNDA:0,(anonymous_7)
DA:6,0
DA:9,0
DA:85,0
DA:86,0
DA:87,0
DA:88,0
DA:91,0
DA:92,0
DA:93,0
DA:94,0
DA:97,0
DA:98,0
DA:99,0
DA:104,0
DA:105,0
DA:106,0
DA:107,0
DA:111,0
DA:112,0
DA:113,0
DA:116,0
DA:128,0
DA:129,0
DA:141,0
DA:142,0
DA:143,0
DA:144,0
DA:147,0
DA:148,0
DA:151,0
DA:163,0
DA:164,0
LF:32
LH:0
BRDA:92,0,0,0
BRDA:92,0,1,0
BRDA:92,1,0,0
BRDA:92,1,1,0
BRDA:97,2,0,0
BRDA:97,2,1,0
BRDA:97,2,2,0
BRDA:98,3,0,0
BRDA:98,3,1,0
BRDA:99,4,0,0
BRDA:99,4,1,0
BRDA:99,4,2,0
BRDA:105,5,0,0
BRDA:105,5,1,0
BRDA:105,6,0,0
BRDA:105,6,1,0
BRDA:106,7,0,0
BRDA:106,7,1,0
BRDA:106,8,0,0
BRDA:106,8,1,0
BRDA:106,8,2,0
BRDA:144,9,0,0
BRDA:144,9,1,0
BRDA:148,10,0,0
BRDA:148,10,1,0
BRF:25
BRH:0
end_of_record
TN:
SF:app/api/help-chat/translate/route.ts
FN:28,POST
FNF:1
FNH:0
FNDA:0,POST
DA:6,0
DA:9,0
DA:28,0
DA:29,0
DA:30,0
DA:31,0
DA:33,0
DA:34,0
DA:41,0
DA:42,0
DA:44,0
DA:57,0
DA:58,0
LF:13
LH:0
BRDA:33,0,0,0
BRDA:33,0,1,0
BRDA:33,1,0,0
BRDA:33,1,1,0
BRDA:42,2,0,0
BRDA:42,2,1,0
BRDA:48,3,0,0
BRDA:48,3,1,0
BRDA:61,4,0,0
BRDA:61,4,1,0
BRF:10
BRH:0
end_of_record
TN:
SF:app/api/notifications/route.ts
FN:10,GET
FNF:1
FNH:0
FNDA:0,GET
DA:6,0
DA:8,0
DA:10,0
DA:11,0
DA:12,0
DA:13,0
DA:15,0
DA:16,0
DA:20,0
DA:22,0
DA:24,0
DA:32,0
DA:33,0
DA:34,0
DA:35,0
DA:41,0
DA:42,0
DA:44,0
DA:45,0
LF:19
LH:0
BRDA:8,0,0,0
BRDA:8,0,1,0
BRDA:8,0,2,0
BRDA:15,1,0,0
BRDA:15,1,1,0
BRDA:22,2,0,0
BRDA:22,2,1,0
BRDA:32,3,0,0
BRDA:32,3,1,0
BRDA:46,4,0,0
BRDA:46,4,1,0
BRF:11
BRH:0
end_of_record
TN:
SF:app/api/optimized/dashboard/projects-summary/route.ts
FN:5,GET
FN:63,getMockProjects
FNF:2
FNH:0
FNDA:0,GET
FNDA:0,getMockProjects
DA:1,0
DA:3,0
DA:5,0
DA:6,0
DA:7,0
DA:8,0
DA:9,0
DA:10,0
DA:13,0
DA:21,0
DA:22,0
DA:24,0
DA:34,0
DA:37,0
DA:39,0
DA:48,0
DA:50,0
DA:51,0
DA:52,0
DA:54,0
DA:64,0
DA:155,0
LF:22
LH:0
BRDA:3,0,0,0
BRDA:3,0,1,0
BRDA:9,1,0,0
BRDA:9,1,1,0
BRDA:10,2,0,0
BRDA:10,2,1,0
BRDA:17,3,0,0
BRDA:17,3,1,0
BRDA:21,4,0,0
BRDA:21,4,1,0
BRDA:37,5,0,0
BRDA:37,5,1,0
BRDA:37,6,0,0
BRDA:37,6,1,0
BRDA:51,7,0,0
BRDA:51,7,1,0
BRDA:52,8,0,0
BRDA:52,8,1,0
BRF:18
BRH:0
end_of_record
TN:
SF:app/api/optimized/dashboard/quick-stats/route.ts
FN:10,GET
FN:40,(anonymous_2)
FN:41,(anonymous_3)
FN:43,(anonymous_4)
FN:49,(anonymous_5)
FN:50,(anonymous_6)
FN:74,(anonymous_7)
FN:106,generateTimelineData
FN:108,(anonymous_9)
FN:111,(anonymous_10)
FN:115,generateBudgetData
FN:117,(anonymous_12)
FN:119,(anonymous_13)
FN:129,getMockDashboardData
FNF:14
FNH:0
FNDA:0,GET
FNDA:0,(anonymous_2)
FNDA:0,(anonymous_3)
FNDA:0,(anonymous_4)
FNDA:0,(anonymous_5)
FNDA:0,(anonymous_6)
FNDA:0,(anonymous_7)
FNDA:0,generateTimelineData
FNDA:0,(anonymous_9)
FNDA:0,(anonymous_10)
FNDA:0,generateBudgetData
FNDA:0,(anonymous_12)
FNDA:0,(anonymous_13)
FNDA:0,getMockDashboardData
DA:6,0
DA:8,0
DA:10,0
DA:11,0
DA:12,0
DA:15,0
DA:23,0
DA:24,0
DA:26,0
DA:35,0
DA:36,0
DA:39,0
DA:40,0
DA:41,0
DA:43,0
DA:44,0
DA:45,0
DA:46,0
DA:49,0
DA:50,0
DA:52,0
DA:74,0
DA:86,0
DA:95,0
DA:97,0
DA:107,0
DA:108,0
DA:111,0
DA:116,0
DA:117,0
DA:119,0
DA:120,0
DA:121,0
DA:130,0
LF:34
LH:0
BRDA:8,0,0,0
BRDA:8,0,1,0
BRDA:19,1,0,0
BRDA:19,1,1,0
BRDA:23,2,0,0
BRDA:23,2,1,0
BRDA:36,3,0,0
BRDA:36,3,1,0
BRDA:36,4,0,0
BRDA:36,4,1,0
BRDA:44,5,0,0
BRDA:44,5,1,0
BRDA:45,6,0,0
BRDA:45,6,1,0
BRDA:49,7,0,0
BRDA:49,7,1,0
BRDA:50,8,0,0
BRDA:50,8,1,0
BRDA:50,8,2,0
BRDA:58,9,0,0
BRDA:58,9,1,0
BRDA:59,10,0,0
BRDA:59,10,1,0
BRDA:67,11,0,0
BRDA:67,11,1,0
BRDA:68,12,0,0
BRDA:68,12,1,0
BRDA:72,13,0,0
BRDA:72,13,1,0
BRDA:78,14,0,0
BRDA:78,14,1,0
BRDA:117,15,0,0
BRDA:117,15,1,0
BRF:33
BRH:0
end_of_record
TN:
SF:app/api/projects/route.ts
FN:5,GET
FNF:1
FNH:0
FNDA:0,GET
DA:1,0
DA:3,0
DA:5,0
DA:6,0
DA:7,0
DA:8,0
DA:11,0
DA:12,0
DA:15,0
DA:23,0
DA:24,0
DA:25,0
DA:26,0
DA:32,0
DA:34,0
DA:42,0
DA:43,0
LF:17
LH:0
BRDA:3,0,0,0
BRDA:3,0,1,0
BRDA:12,1,0,0
BRDA:12,1,1,0
BRDA:19,2,0,0
BRDA:19,2,1,0
BRDA:23,3,0,0
BRDA:23,3,1,0
BRF:8
BRH:0
end_of_record
TN:
SF:app/api/projects/[projectId]/budget-variance/route.ts
FN:10,GET
FNF:1
FNH:0
FNDA:0,GET
DA:6,0
DA:8,0
DA:10,0
DA:14,0
DA:15,0
DA:16,0
DA:17,0
DA:18,0
DA:20,0
DA:21,0
DA:28,0
DA:36,0
DA:37,0
DA:38,0
DA:43,0
DA:44,0
DA:45,0
DA:51,0
DA:54,0
DA:55,0
DA:56,0
DA:57,0
DA:60,0
DA:61,0
DA:62,0
DA:63,0
DA:64,0
DA:67,0
DA:79,0
DA:81,0
DA:82,0
LF:31
LH:0
BRDA:8,0,0,0
BRDA:8,0,1,0
BRDA:8,0,2,0
BRDA:18,1,0,0
BRDA:18,1,1,0
BRDA:20,2,0,0
BRDA:20,2,1,0
BRDA:36,3,0,0
BRDA:36,3,1,0
BRDA:37,4,0,0
BRDA:37,4,1,0
BRDA:54,5,0,0
BRDA:54,5,1,0
BRDA:55,6,0,0
BRDA:55,6,1,0
BRDA:57,7,0,0
BRDA:57,7,1,0
BRDA:61,8,0,0
BRDA:61,8,1,0
BRDA:63,9,0,0
BRDA:63,9,1,0
BRDA:76,10,0,0
BRDA:76,10,1,0
BRDA:83,11,0,0
BRDA:83,11,1,0
BRF:25
BRH:0
end_of_record
TN:
SF:app/api/projects/[projectId]/scenarios/route.ts
FN:10,GET
FN:49,POST
FNF:2
FNH:0
FNDA:0,GET
FNDA:0,POST
DA:6,0
DA:8,0
DA:10,0
DA:14,0
DA:15,0
DA:16,0
DA:19,0
DA:21,0
DA:29,0
DA:30,0
DA:31,0
DA:32,0
DA:38,0
DA:39,0
DA:41,0
DA:42,0
DA:49,0
DA:53,0
DA:54,0
DA:55,0
DA:56,0
DA:59,0
DA:61,0
DA:70,0
DA:71,0
DA:72,0
DA:73,0
DA:79,0
DA:80,0
DA:82,0
DA:83,0
LF:31
LH:0
BRDA:8,0,0,0
BRDA:8,0,1,0
BRDA:8,0,2,0
BRDA:25,1,0,0
BRDA:25,1,1,0
BRDA:29,2,0,0
BRDA:29,2,1,0
BRDA:43,3,0,0
BRDA:43,3,1,0
BRDA:65,4,0,0
BRDA:65,4,1,0
BRDA:70,5,0,0
BRDA:70,5,1,0
BRDA:84,6,0,0
BRDA:84,6,1,0
BRF:15
BRH:0
end_of_record
TN:
SF:app/api/projects/import/route.ts
FN:20,getAuthToken
FN:45,isCSVUpload
FN:54,POST
FNF:3
FNH:0
FNDA:0,getAuthToken
FNDA:0,isCSVUpload
FNDA:0,POST
DA:12,0
DA:14,0
DA:22,0
DA:23,0
DA:24,0
DA:28,0
DA:29,0
DA:30,0
DA:34,0
DA:35,0
DA:36,0
DA:39,0
DA:46,0
DA:47,0
DA:54,0
DA:55,0
DA:57,0
DA:59,0
DA:60,0
DA:72,0
DA:75,0
DA:80,0
DA:87,0
DA:89,0
DA:92,0
DA:93,0
DA:97,0
DA:105,0
DA:107,0
DA:108,0
DA:111,0
DA:120,0
DA:121,0
DA:132,0
DA:133,0
DA:145,0
DA:153,0
DA:155,0
LF:38
LH:0
BRDA:14,0,0,0
BRDA:14,0,1,0
BRDA:23,1,0,0
BRDA:23,1,1,0
BRDA:29,2,0,0
BRDA:29,2,1,0
BRDA:35,3,0,0
BRDA:35,3,1,0
BRDA:46,4,0,0
BRDA:46,4,1,0
BRDA:59,5,0,0
BRDA:59,5,1,0
BRDA:75,6,0,0
BRDA:75,6,1,0
BRDA:87,7,0,0
BRDA:87,7,1,0
BRDA:115,8,0,0
BRDA:115,8,1,0
BRDA:120,9,0,0
BRDA:120,9,1,0
BRDA:126,10,0,0
BRDA:126,10,1,0
BRDA:126,10,2,0
BRDA:132,11,0,0
BRDA:132,11,1,0
BRDA:138,12,0,0
BRDA:138,12,1,0
BRDA:138,12,2,0
BRDA:160,13,0,0
BRDA:160,13,1,0
BRF:30
BRH:0
end_of_record
TN:
SF:app/api/projects/import/csv/route.ts
FN:19,getAuthToken
FN:45,POST
FNF:2
FNH:0
FNDA:0,getAuthToken
FNDA:0,POST
DA:11,0
DA:13,0
DA:21,0
DA:22,0
DA:23,0
DA:27,0
DA:28,0
DA:29,0
DA:33,0
DA:34,0
DA:35,0
DA:38,0
DA:45,0
DA:46,0
DA:48,0
DA:50,0
DA:51,0
DA:63,0
DA:64,0
DA:65,0
DA:77,0
DA:80,0
DA:83,0
DA:93,0
DA:95,0
DA:96,0
DA:99,0
DA:108,0
DA:109,0
DA:120,0
DA:121,0
DA:133,0
DA:141,0
DA:143,0
LF:34
LH:0
BRDA:13,0,0,0
BRDA:13,0,1,0
BRDA:22,1,0,0
BRDA:22,1,1,0
BRDA:28,2,0,0
BRDA:28,2,1,0
BRDA:34,3,0,0
BRDA:34,3,1,0
BRDA:50,4,0,0
BRDA:50,4,1,0
BRDA:63,5,0,0
BRDA:63,5,1,0
BRDA:64,6,0,0
BRDA:64,6,1,0
BRDA:103,7,0,0
BRDA:103,7,1,0
BRDA:108,8,0,0
BRDA:108,8,1,0
BRDA:114,9,0,0
BRDA:114,9,1,0
BRDA:114,9,2,0
BRDA:120,10,0,0
BRDA:120,10,1,0
BRDA:126,11,0,0
BRDA:126,11,1,0
BRDA:126,11,2,0
BRDA:148,12,0,0
BRDA:148,12,1,0
BRF:28
BRH:0
end_of_record
TN:
SF:app/api/rbac/user-permissions/route.ts
FN:10,GET
FNF:1
FNH:0
FNDA:0,GET
DA:6,0
DA:8,0
DA:10,0
DA:11,0
DA:12,0
DA:14,0
DA:15,0
DA:22,0
DA:30,0
DA:31,0
DA:32,0
DA:33,0
DA:39,0
DA:40,0
DA:42,0
DA:43,0
LF:16
LH:0
BRDA:8,0,0,0
BRDA:8,0,1,0
BRDA:8,0,2,0
BRDA:14,1,0,0
BRDA:14,1,1,0
BRDA:30,2,0,0
BRDA:30,2,1,0
BRDA:44,3,0,0
BRDA:44,3,1,0
BRF:9
BRH:0
end_of_record
TN:
SF:app/api/resources/route.ts
FN:10,GET
FN:42,POST
FNF:2
FNH:0
FNDA:0,GET
FNDA:0,POST
DA:6,0
DA:8,0
DA:10,0
DA:11,0
DA:12,0
DA:14,0
DA:22,0
DA:23,0
DA:24,0
DA:25,0
DA:31,0
DA:32,0
DA:34,0
DA:35,0
DA:42,0
DA:43,0
DA:44,0
DA:45,0
DA:47,0
DA:56,0
DA:57,0
DA:58,0
DA:59,0
DA:65,0
DA:66,0
DA:68,0
DA:69,0
LF:27
LH:0
BRDA:8,0,0,0
BRDA:8,0,1,0
BRDA:18,1,0,0
BRDA:18,1,1,0
BRDA:22,2,0,0
BRDA:22,2,1,0
BRDA:51,3,0,0
BRDA:51,3,1,0
BRDA:56,4,0,0
BRDA:56,4,1,0
BRF:10
BRH:0
end_of_record
TN:
SF:app/api/sync/devices/route.ts
FN:25,POST
FN:39,(anonymous_4)
FN:73,GET
FNF:3
FNH:0
FNDA:0,POST
FNDA:0,(anonymous_4)
FNDA:0,GET
DA:6,0
DA:18,0
DA:25,0
DA:26,0
DA:27,0
DA:29,0
DA:30,0
DA:36,0
DA:39,0
DA:41,0
DA:43,0
DA:49,0
DA:56,0
DA:58,0
DA:65,0
DA:66,0
DA:73,0
DA:74,0
DA:75,0
DA:76,0
DA:78,0
DA:79,0
DA:84,0
DA:86,0
DA:92,0
DA:93,0
LF:26
LH:0
BRDA:29,0,0,0
BRDA:29,0,1,0
BRDA:29,1,0,0
BRDA:29,1,1,0
BRDA:36,2,0,0
BRDA:36,2,1,0
BRDA:41,3,0,0
BRDA:41,3,1,0
BRDA:68,4,0,0
BRDA:68,4,1,0
BRDA:78,5,0,0
BRDA:78,5,1,0
BRDA:84,6,0,0
BRDA:84,6,1,0
BRDA:95,7,0,0
BRDA:95,7,1,0
BRF:16
BRH:0
end_of_record
TN:
SF:app/api/sync/devices/[userId]/route.ts
FN:21,GET
FNF:1
FNH:0
FNDA:0,GET
DA:6,0
DA:19,0
DA:21,0
DA:25,0
DA:26,0
DA:28,0
DA:29,0
DA:34,0
DA:36,0
DA:39,0
DA:40,0
LF:11
LH:0
BRDA:28,0,0,0
BRDA:28,0,1,0
BRDA:34,1,0,0
BRDA:34,1,1,0
BRDA:42,2,0,0
BRDA:42,2,1,0
BRF:6
BRH:0
end_of_record
TN:
SF:app/api/sync/offline-changes/route.ts
FN:23,POST
FN:62,GET
FNF:2
FNH:0
FNDA:0,POST
FNDA:0,GET
DA:6,0
DA:21,0
DA:23,0
DA:24,0
DA:25,0
DA:27,0
DA:28,0
DA:34,0
DA:37,0
DA:44,0
DA:45,0
DA:47,0
DA:54,0
DA:55,0
DA:62,0
DA:63,0
DA:64,0
DA:65,0
DA:67,0
DA:68,0
DA:73,0
DA:75,0
DA:81,0
DA:82,0
LF:24
LH:0
BRDA:27,0,0,0
BRDA:27,0,1,0
BRDA:27,1,0,0
BRDA:27,1,1,0
BRDA:27,1,2,0
BRDA:27,1,3,0
BRDA:34,2,0,0
BRDA:34,2,1,0
BRDA:39,3,0,0
BRDA:39,3,1,0
BRDA:57,4,0,0
BRDA:57,4,1,0
BRDA:67,5,0,0
BRDA:67,5,1,0
BRDA:73,6,0,0
BRDA:73,6,1,0
BRDA:84,7,0,0
BRDA:84,7,1,0
BRF:18
BRH:0
end_of_record
TN:
SF:app/api/sync/preferences/route.ts
FN:32,getDefaultPreferences
FN:55,PUT
FN:87,GET
FNF:3
FNH:0
FNDA:0,getDefaultPreferences
FNDA:0,PUT
FNDA:0,GET
DA:6,0
DA:30,0
DA:33,0
DA:55,0
DA:56,0
DA:57,0
DA:59,0
DA:60,0
DA:66,0
DA:71,0
DA:73,0
DA:79,0
DA:80,0
DA:87,0
DA:88,0
DA:89,0
DA:90,0
DA:92,0
DA:93,0
DA:98,0
DA:100,0
DA:102,0
DA:103,0
DA:106,0
DA:109,0
DA:110,0
LF:26
LH:0
BRDA:59,0,0,0
BRDA:59,0,1,0
BRDA:82,1,0,0
BRDA:82,1,1,0
BRDA:92,2,0,0
BRDA:92,2,1,0
BRDA:100,3,0,0
BRDA:100,3,1,0
BRDA:112,4,0,0
BRDA:112,4,1,0
BRF:10
BRH:0
end_of_record
TN:
SF:app/api/sync/preferences/[userId]/route.ts
FN:9,GET
FNF:1
FNH:0
FNDA:0,GET
DA:6,0
DA:7,0
DA:9,0
DA:13,0
DA:14,0
DA:16,0
DA:17,0
DA:22,0
DA:24,0
DA:26,0
DA:27,0
DA:30,0
DA:33,0
DA:34,0
LF:14
LH:0
BRDA:16,0,0,0
BRDA:16,0,1,0
BRDA:24,1,0,0
BRDA:24,1,1,0
BRDA:36,2,0,0
BRDA:36,2,1,0
BRF:6
BRH:0
end_of_record
TN:
SF:app/api/sync/session/route.ts
FN:25,getDefaultSessionState
FN:41,PUT
FN:74,GET
FNF:3
FNH:0
FNDA:0,getDefaultSessionState
FNDA:0,PUT
FNDA:0,GET
DA:6,0
DA:23,0
DA:26,0
DA:41,0
DA:42,0
DA:43,0
DA:45,0
DA:46,0
DA:52,0
DA:58,0
DA:60,0
DA:66,0
DA:67,0
DA:74,0
DA:75,0
DA:76,0
DA:77,0
DA:79,0
DA:80,0
DA:85,0
DA:87,0
DA:89,0
DA:90,0
DA:93,0
DA:96,0
DA:97,0
LF:26
LH:0
BRDA:45,0,0,0
BRDA:45,0,1,0
BRDA:45,1,0,0
BRDA:45,1,1,0
BRDA:69,2,0,0
BRDA:69,2,1,0
BRDA:79,3,0,0
BRDA:79,3,1,0
BRDA:87,4,0,0
BRDA:87,4,1,0
BRDA:99,5,0,0
BRDA:99,5,1,0
BRF:12
BRH:0
end_of_record
TN:
SF:app/api/sync/session/[userId]/latest/route.ts
FN:26,GET
FNF:1
FNH:0
FNDA:0,GET
DA:6,0
DA:24,0
DA:26,0
DA:30,0
DA:31,0
DA:33,0
DA:34,0
DA:39,0
DA:41,0
DA:43,0
DA:57,0
DA:60,0
DA:63,0
DA:64,0
LF:14
LH:0
BRDA:33,0,0,0
BRDA:33,0,1,0
BRDA:41,1,0,0
BRDA:41,1,1,0
BRDA:66,2,0,0
BRDA:66,2,1,0
BRF:6
BRH:0
end_of_record
TN:
SF:app/api/tips/route.ts
FN:57,POST
FN:63,(anonymous_4)
FN:69,(anonymous_5)
FN:98,GET
FN:104,(anonymous_7)
FNF:5
FNH:0
FNDA:0,POST
FNDA:0,(anonymous_4)
FNDA:0,(anonymous_5)
FNDA:0,GET
FNDA:0,(anonymous_7)
DA:1,0
DA:4,0
DA:57,0
DA:58,0
DA:59,0
DA:60,0
DA:63,0
DA:64,0
DA:68,0
DA:69,0
DA:70,0
DA:73,0
DA:85,0
DA:86,0
DA:98,0
DA:99,0
DA:100,0
DA:101,0
DA:104,0
DA:105,0
DA:108,0
DA:120,0
DA:121,0
LF:23
LH:0
BRDA:64,0,0,0
BRDA:64,0,1,0
BRDA:64,0,2,0
BRDA:105,1,0,0
BRDA:105,1,1,0
BRDA:105,1,2,0
BRF:6
BRH:0
end_of_record
TN:
SF:app/api/v1/monte-carlo/simulations/[simulationId]/visualizations/generate/route.ts
FN:10,POST
FNF:1
FNH:0
FNDA:0,POST
DA:6,0
DA:8,0
DA:10,0
DA:14,0
DA:15,0
DA:16,0
DA:17,0
DA:19,0
DA:20,0
DA:27,0
DA:29,0
DA:38,0
DA:39,0
DA:40,0
DA:43,0
DA:44,0
DA:45,0
DA:47,0
DA:54,0
DA:55,0
DA:57,0
DA:58,0
LF:22
LH:0
BRDA:8,0,0,0
BRDA:8,0,1,0
BRDA:8,0,2,0
BRDA:19,1,0,0
BRDA:19,1,1,0
BRDA:38,2,0,0
BRDA:38,2,1,0
BRDA:59,3,0,0
BRDA:59,3,1,0
BRF:9
BRH:0
end_of_record
TN:
SF:app/api/workflows/instances/[id]/route.ts
FN:13,GET
FNF:1
FNH:0
FNDA:0,GET
DA:1,0
DA:3,0
DA:13,0
DA:17,0
DA:18,0
DA:19,0
DA:21,0
DA:22,0
DA:29,0
DA:31,0
DA:39,0
DA:40,0
DA:41,0
DA:43,0
DA:44,0
DA:50,0
DA:56,0
DA:59,0
DA:76,0
DA:84,0
DA:85,0
LF:21
LH:0
BRDA:3,0,0,0
BRDA:3,0,1,0
BRDA:21,1,0,0
BRDA:21,1,1,0
BRDA:39,2,0,0
BRDA:39,2,1,0
BRDA:43,3,0,0
BRDA:43,3,1,0
BRDA:62,4,0,0
BRDA:62,4,1,0
BRDA:65,5,0,0
BRDA:65,5,1,0
BRDA:67,6,0,0
BRDA:67,6,1,0
BRDA:68,7,0,0
BRDA:68,7,1,0
BRDA:70,8,0,0
BRDA:70,8,1,0
BRDA:73,9,0,0
BRDA:73,9,1,0
BRF:20
BRH:0
end_of_record
TN:
SF:app/api/workflows/instances/[id]/approve/route.ts
FN:18,POST
FN:100,(anonymous_2)
FNF:2
FNH:0
FNDA:0,POST
FNDA:0,(anonymous_2)
DA:1,0
DA:3,0
DA:18,0
DA:22,0
DA:23,0
DA:24,0
DA:26,0
DA:27,0
DA:34,0
DA:35,0
DA:38,0
DA:39,0
DA:46,0
DA:48,0
DA:56,0
DA:57,0
DA:58,0
DA:60,0
DA:61,0
DA:67,0
DA:73,0
DA:76,0
DA:78,0
DA:86,0
DA:87,0
DA:88,0
DA:89,0
DA:95,0
DA:96,0
DA:99,0
DA:100,0
DA:103,0
DA:104,0
DA:111,0
DA:114,0
DA:115,0
DA:116,0
DA:117,0
DA:120,0
DA:128,0
DA:129,0
DA:130,0
DA:132,0
DA:133,0
DA:134,0
DA:135,0
DA:140,0
DA:146,0
DA:149,0
DA:163,0
DA:164,0
LF:51
LH:0
BRDA:3,0,0,0
BRDA:3,0,1,0
BRDA:26,1,0,0
BRDA:26,1,1,0
BRDA:38,2,0,0
BRDA:38,2,1,0
BRDA:38,3,0,0
BRDA:38,3,1,0
BRDA:56,4,0,0
BRDA:56,4,1,0
BRDA:60,5,0,0
BRDA:60,5,1,0
BRDA:86,6,0,0
BRDA:86,6,1,0
BRDA:96,7,0,0
BRDA:96,7,1,0
BRDA:103,8,0,0
BRDA:103,8,1,0
BRDA:116,9,0,0
BRDA:116,9,1,0
BRDA:128,10,0,0
BRDA:128,10,1,0
BRDA:135,11,0,0
BRDA:135,11,1,0
BRDA:155,12,0,0
BRDA:155,12,1,0
BRDA:167,13,0,0
BRDA:167,13,1,0
BRF:28
BRH:0
end_of_record
TN:
SF:app/api/workflows/instances/my-workflows/route.ts
FN:14,GET
FN:66,(anonymous_2)
FN:70,(anonymous_3)
FN:90,(anonymous_4)
FN:115,(anonymous_5)
FNF:5
FNH:0
FNDA:0,GET
FNDA:0,(anonymous_2)
FNDA:0,(anonymous_3)
FNDA:0,(anonymous_4)
FNDA:0,(anonymous_5)
DA:1,0
DA:3,0
DA:14,0
DA:15,0
DA:16,0
DA:18,0
DA:19,0
DA:26,0
DA:27,0
DA:28,0
DA:29,0
DA:32,0
DA:33,0
DA:34,0
DA:35,0
DA:38,0
DA:40,0
DA:48,0
DA:49,0
DA:50,0
DA:53,0
DA:61,0
DA:62,0
DA:65,0
DA:66,0
DA:70,0
DA:71,0
DA:72,0
DA:73,0
DA:81,0
DA:82,0
DA:83,0
DA:86,0
DA:89,0
DA:90,0
DA:94,0
DA:110,0
DA:111,0
DA:115,0
DA:117,0
DA:130,0
DA:131,0
LF:42
LH:0
BRDA:3,0,0,0
BRDA:3,0,1,0
BRDA:18,1,0,0
BRDA:18,1,1,0
BRDA:28,2,0,0
BRDA:28,2,1,0
BRDA:29,3,0,0
BRDA:29,3,1,0
BRDA:33,4,0,0
BRDA:33,4,1,0
BRDA:48,5,0,0
BRDA:48,5,1,0
BRDA:62,6,0,0
BRDA:62,6,1,0
BRDA:81,7,0,0
BRDA:81,7,1,0
BRDA:97,8,0,0
BRDA:97,8,1,0
BRDA:100,9,0,0
BRDA:100,9,1,0
BRDA:102,10,0,0
BRDA:102,10,1,0
BRDA:103,11,0,0
BRDA:103,11,1,0
BRDA:105,12,0,0
BRDA:105,12,1,0
BRF:26
BRH:0
end_of_record
TN:
SF:app/audit/page.tsx
FN:28,AuditDashboard
FN:55,(anonymous_3)
FN:83,(anonymous_4)
FN:128,(anonymous_5)
FN:160,(anonymous_6)
FN:182,(anonymous_7)
FN:215,(anonymous_8)
FN:241,(anonymous_9)
FN:248,(anonymous_10)
FN:259,(anonymous_11)
FN:266,(anonymous_12)
FN:269,(anonymous_13)
FN:273,(anonymous_14)
FN:277,(anonymous_15)
FN:365,(anonymous_16)
FN:377,(anonymous_17)
FN:386,(anonymous_18)
FN:395,(anonymous_19)
FN:424,(anonymous_20)
FN:436,(anonymous_21)
FN:448,(anonymous_22)
FN:465,(anonymous_23)
FN:540,(anonymous_24)
FN:579,(anonymous_25)
FN:604,(anonymous_26)
FN:632,(anonymous_27)
FN:633,(anonymous_28)
FN:674,(anonymous_29)
FN:686,(anonymous_30)
FNF:29
FNH:0
FNDA:0,AuditDashboard
FNDA:0,(anonymous_3)
FNDA:0,(anonymous_4)
FNDA:0,(anonymous_5)
FNDA:0,(anonymous_6)
FNDA:0,(anonymous_7)
FNDA:0,(anonymous_8)
FNDA:0,(anonymous_9)
FNDA:0,(anonymous_10)
FNDA:0,(anonymous_11)
FNDA:0,(anonymous_12)
FNDA:0,(anonymous_13)
FNDA:0,(anonymous_14)
FNDA:0,(anonymous_15)
FNDA:0,(anonymous_16)
FNDA:0,(anonymous_17)
FNDA:0,(anonymous_18)
FNDA:0,(anonymous_19)
FNDA:0,(anonymous_20)
FNDA:0,(anonymous_21)
FNDA:0,(anonymous_22)
FNDA:0,(anonymous_23)
FNDA:0,(anonymous_24)
FNDA:0,(anonymous_25)
FNDA:0,(anonymous_26)
FNDA:0,(anonymous_27)
FNDA:0,(anonymous_28)
FNDA:0,(anonymous_29)
FNDA:0,(anonymous_30)
DA:3,0
DA:4,0
DA:5,0
DA:6,0
DA:7,0
DA:8,0
DA:9,0
DA:28,0
DA:29,0
DA:30,0
DA:31,0
DA:32,0
DA:33,0
DA:34,0
DA:35,0
DA:36,0
DA:37,0
DA:40,0
DA:41,0
DA:42,0
DA:45,0
DA:46,0
DA:49,0
DA:52,0
DA:55,0
DA:56,0
DA:58,0
DA:59,0
DA:66,0
DA:67,0
DA:70,0
DA:71,0
DA:72,0
DA:73,0
DA:75,0
DA:76,0
DA:78,0
DA:83,0
DA:84,0
DA:86,0
DA:87,0
DA:88,0
DA:89,0
DA:90,0
DA:92,0
DA:93,0
DA:95,0
DA:96,0
DA:98,0
DA:99,0
DA:101,0
DA:102,0
DA:105,0
DA:112,0
DA:113,0
DA:116,0
DA:117,0
DA:118,0
DA:120,0
DA:121,0
DA:123,0
DA:128,0
DA:129,0
DA:131,0
DA:132,0
DA:133,0
DA:144,0
DA:145,0
DA:148,0
DA:149,0
DA:150,0
DA:152,0
DA:153,0
DA:155,0
DA:160,0
DA:161,0
DA:162,0
DA:165,0
DA:174,0
DA:175,0
DA:178,0
DA:182,0
DA:187,0
DA:189,0
DA:190,0
DA:202,0
DA:203,0
DA:207,0
DA:209,0
DA:210,0
DA:215,0
DA:216,0
DA:218,0
DA:219,0
DA:228,0
DA:229,0
DA:233,0
DA:235,0
DA:236,0
DA:241,0
DA:242,0
DA:243,0
DA:248,0
DA:249,0
DA:251,0
DA:252,0
DA:253,0
DA:254,0
DA:259,0
DA:260,0
DA:261,0
DA:266,0
DA:267,0
DA:269,0
DA:270,0
DA:273,0
DA:277,0
DA:278,0
DA:280,0
DA:281,0
DA:282,0
DA:294,0
DA:295,0
DA:298,0
DA:299,0
DA:300,0
DA:301,0
DA:302,0
DA:303,0
DA:304,0
DA:305,0
DA:306,0
DA:308,0
DA:309,0
DA:311,0
DA:316,0
DA:365,0
DA:377,0
DA:386,0
DA:395,0
DA:424,0
DA:436,0
DA:448,0
DA:465,0
DA:541,0
DA:544,0
DA:551,0
DA:553,0
DA:580,0
DA:605,0
DA:633,0
DA:634,0
DA:636,0
DA:675,0
DA:687,0
LF:155
LH:0
BRDA:56,0,0,0
BRDA:56,0,1,0
BRDA:66,1,0,0
BRDA:66,1,1,0
BRDA:76,2,0,0
BRDA:76,2,1,0
BRDA:84,3,0,0
BRDA:84,3,1,0
BRDA:89,4,0,0
BRDA:89,4,1,0
BRDA:92,5,0,0
BRDA:92,5,1,0
BRDA:95,6,0,0
BRDA:95,6,1,0
BRDA:95,7,0,0
BRDA:95,7,1,0
BRDA:98,8,0,0
BRDA:98,8,1,0
BRDA:98,9,0,0
BRDA:98,9,1,0
BRDA:101,10,0,0
BRDA:101,10,1,0
BRDA:112,11,0,0
BRDA:112,11,1,0
BRDA:117,12,0,0
BRDA:117,12,1,0
BRDA:121,13,0,0
BRDA:121,13,1,0
BRDA:129,14,0,0
BRDA:129,14,1,0
BRDA:144,15,0,0
BRDA:144,15,1,0
BRDA:149,16,0,0
BRDA:149,16,1,0
BRDA:153,17,0,0
BRDA:153,17,1,0
BRDA:161,18,0,0
BRDA:161,18,1,0
BRDA:174,19,0,0
BRDA:174,19,1,0
BRDA:187,20,0,0
BRDA:187,20,1,0
BRDA:202,21,0,0
BRDA:202,21,1,0
BRDA:216,22,0,0
BRDA:216,22,1,0
BRDA:228,23,0,0
BRDA:228,23,1,0
BRDA:242,24,0,0
BRDA:242,24,1,0
BRDA:249,25,0,0
BRDA:249,25,1,0
BRDA:251,26,0,0
BRDA:251,26,1,0
BRDA:253,27,0,0
BRDA:253,27,1,0
BRDA:260,28,0,0
BRDA:260,28,1,0
BRDA:260,29,0,0
BRDA:260,29,1,0
BRDA:267,30,0,0
BRDA:267,30,1,0
BRDA:267,31,0,0
BRDA:267,31,1,0
BRDA:278,32,0,0
BRDA:278,32,1,0
BRDA:294,33,0,0
BRDA:294,33,1,0
BRDA:309,34,0,0
BRDA:309,34,1,0
BRDA:316,35,0,0
BRDA:316,35,1,0
BRDA:343,36,0,0
BRDA:350,37,0,0
BRDA:353,38,0,0
BRDA:367,39,0,0
BRDA:367,39,1,0
BRDA:372,40,0,0
BRDA:372,40,1,0
BRDA:373,41,0,0
BRDA:373,41,1,0
BRDA:381,42,0,0
BRDA:381,42,1,0
BRDA:390,43,0,0
BRDA:390,43,1,0
BRDA:399,44,0,0
BRDA:399,44,1,0
BRDA:407,45,0,0
BRDA:426,46,0,0
BRDA:426,46,1,0
BRDA:438,47,0,0
BRDA:438,47,1,0
BRDA:450,48,0,0
BRDA:450,48,1,0
BRDA:457,49,0,0
BRDA:457,49,1,0
BRDA:467,50,0,0
BRDA:467,50,1,0
BRDA:480,51,0,0
BRDA:483,52,0,0
BRDA:488,53,0,0
BRDA:526,54,0,0
BRDA:526,54,1,0
BRDA:541,55,0,0
BRDA:541,55,1,0
BRDA:551,56,0,0
BRDA:551,56,1,0
BRDA:594,57,0,0
BRDA:619,58,0,0
BRDA:631,59,0,0
BRDA:668,60,0,0
BRDA:681,61,0,0
BRDA:693,62,0,0
BRF:113
BRH:0
end_of_record
TN:
SF:app/changes/[id]/page.tsx
FN:15,ChangeDetailPage
FN:19,(anonymous_3)
FN:23,(anonymous_4)
FN:27,(anonymous_5)
FN:33,(anonymous_6)
FNF:5
FNH:0
FNDA:0,ChangeDetailPage
FNDA:0,(anonymous_3)
FNDA:0,(anonymous_4)
FNDA:0,(anonymous_5)
FNDA:0,(anonymous_6)
DA:3,0
DA:4,0
DA:5,0
DA:6,0
DA:7,0
DA:15,0
DA:16,0
DA:17,0
DA:19,0
DA:20,0
DA:23,0
DA:24,0
DA:27,0
DA:28,0
DA:30,0
DA:33,0
DA:34,0
LF:17
LH:0
BRDA:41,0,0,0
BRF:1
BRH:0
end_of_record
TN:
SF:app/changes/components/ApprovalWorkflow.tsx
FN:25,ApprovalWorkflow
FN:47,(anonymous_2)
FN:57,(anonymous_3)
FN:81,(anonymous_4)
FN:89,(anonymous_5)
FN:94,(anonymous_6)
FN:126,(anonymous_7)
FN:202,(anonymous_8)
FN:281,(anonymous_9)
FN:281,(anonymous_10)
FN:284,(anonymous_11)
FN:293,(anonymous_12)
FN:296,(anonymous_13)
FN:296,(anonymous_14)
FN:314,(anonymous_15)
FN:338,(anonymous_16)
FN:371,(anonymous_17)
FN:392,(anonymous_18)
FN:409,(anonymous_19)
FN:419,(anonymous_20)
FNF:20
FNH:0
FNDA:0,ApprovalWorkflow
FNDA:0,(anonymous_2)
FNDA:0,(anonymous_3)
FNDA:0,(anonymous_4)
FNDA:0,(anonymous_5)
FNDA:0,(anonymous_6)
FNDA:0,(anonymous_7)
FNDA:0,(anonymous_8)
FNDA:0,(anonymous_9)
FNDA:0,(anonymous_10)
FNDA:0,(anonymous_11)
FNDA:0,(anonymous_12)
FNDA:0,(anonymous_13)
FNDA:0,(anonymous_14)
FNDA:0,(anonymous_15)
FNDA:0,(anonymous_16)
FNDA:0,(anonymous_17)
FNDA:0,(anonymous_18)
FNDA:0,(anonymous_19)
FNDA:0,(anonymous_20)
DA:3,0
DA:4,0
DA:5,0
DA:6,0
DA:7,0
DA:8,0
DA:18,0
DA:25,0
DA:32,0
DA:33,0
DA:34,0
DA:35,0
DA:36,0
DA:37,0
DA:38,0
DA:46,0
DA:47,0
DA:56,0
DA:57,0
DA:62,0
DA:74,0
DA:78,0
DA:81,0
DA:82,0
DA:83,0
DA:84,0
DA:85,0
DA:86,0
DA:89,0
DA:90,0
DA:92,0
DA:93,0
DA:94,0
DA:96,0
DA:98,0
DA:105,0
DA:106,0
DA:108,0
DA:109,0
DA:112,0
DA:113,0
DA:116,0
DA:117,0
DA:119,0
DA:122,0
DA:126,0
DA:127,0
DA:136,0
DA:137,0
DA:138,0
DA:202,0
DA:281,0
DA:282,0
DA:284,0
DA:293,0
DA:296,0
DA:297,0
DA:315,0
DA:339,0
DA:371,0
DA:392,0
DA:409,0
DA:419,0
LF:63
LH:0
BRDA:62,0,0,0
BRDA:62,0,1,0
BRDA:62,1,0,0
BRDA:62,1,1,0
BRDA:74,2,0,0
BRDA:74,2,1,0
BRDA:78,3,0,0
BRDA:78,3,1,0
BRDA:90,4,0,0
BRDA:90,4,1,0
BRDA:90,5,0,0
BRDA:90,5,1,0
BRDA:90,5,2,0
BRDA:96,6,0,0
BRDA:96,6,1,0
BRDA:105,7,0,0
BRDA:105,7,1,0
BRDA:108,8,0,0
BRDA:108,8,1,0
BRDA:112,9,0,0
BRDA:112,9,1,0
BRDA:112,10,0,0
BRDA:112,10,1,0
BRDA:136,11,0,0
BRDA:136,11,1,0
BRDA:137,12,0,0
BRDA:137,12,1,0
BRDA:138,13,0,0
BRDA:138,13,1,0
BRDA:142,14,0,0
BRDA:142,14,1,0
BRDA:142,15,0,0
BRDA:142,15,1,0
BRDA:142,16,0,0
BRDA:142,16,1,0
BRDA:144,17,0,0
BRDA:144,17,1,0
BRDA:144,18,0,0
BRDA:144,18,1,0
BRDA:155,19,0,0
BRDA:155,19,1,0
BRDA:168,20,0,0
BRDA:168,20,1,0
BRDA:169,21,0,0
BRDA:169,21,1,0
BRDA:170,22,0,0
BRDA:170,22,1,0
BRDA:190,23,0,0
BRDA:199,24,0,0
BRDA:205,25,0,0
BRDA:209,26,0,0
BRDA:237,27,0,0
BRDA:237,27,1,0
BRDA:293,28,0,0
BRDA:310,29,0,0
BRDA:334,30,0,0
BRDA:351,31,0,0
BRDA:359,32,0,0
BRDA:359,32,1,0
BRDA:367,33,0,0
BRDA:367,33,1,0
BRDA:367,34,0,0
BRDA:367,34,1,0
BRDA:375,35,0,0
BRDA:375,35,1,0
BRDA:376,36,0,0
BRDA:376,36,1,0
BRDA:377,37,0,0
BRDA:377,37,1,0
BRDA:378,38,0,0
BRDA:378,38,1,0
BRDA:385,39,0,0
BRDA:401,40,0,0
BRDA:427,41,0,0
BRDA:427,41,1,0
BRDA:427,41,2,0
BRDA:427,41,3,0
BRDA:427,41,4,0
BRDA:427,41,5,0
BRF:79
BRH:0
end_of_record
TN:
SF:app/changes/components/ApprovalWorkflowConfiguration.tsx
FN:121,ApprovalWorkflowConfiguration
FN:144,(anonymous_2)
FN:354,(anonymous_3)
FN:362,(anonymous_4)
FN:380,(anonymous_5)
FN:386,(anonymous_6)
FN:390,(anonymous_7)
FN:390,(anonymous_8)
FN:403,(anonymous_9)
FN:412,(anonymous_10)
FN:414,(anonymous_11)
FN:414,(anonymous_12)
FN:418,(anonymous_13)
FN:435,(anonymous_14)
FN:463,(anonymous_15)
FN:465,(anonymous_16)
FN:465,(anonymous_17)
FN:469,(anonymous_18)
FN:479,(anonymous_19)
FN:489,(anonymous_20)
FN:529,(anonymous_21)
FN:534,(anonymous_22)
FN:565,(anonymous_23)
FN:586,(anonymous_24)
FN:597,(anonymous_25)
FN:627,(anonymous_26)
FN:634,(anonymous_27)
FN:641,(anonymous_28)
FN:654,(anonymous_29)
FN:682,(anonymous_30)
FN:741,(anonymous_31)
FN:815,(anonymous_32)
FN:822,(anonymous_33)
FN:829,(anonymous_34)
FN:844,(anonymous_35)
FN:855,(anonymous_36)
FN:867,(anonymous_37)
FN:891,(anonymous_38)
FN:900,(anonymous_39)
FN:952,(anonymous_40)
FN:959,(anonymous_41)
FN:1009,(anonymous_42)
FN:1009,(anonymous_43)
FN:1020,(anonymous_44)
FN:1020,(anonymous_45)
FN:1031,(anonymous_46)
FN:1031,(anonymous_47)
FN:1043,(anonymous_48)
FN:1043,(anonymous_49)
FN:1056,(anonymous_50)
FNF:50
FNH:0
FNDA:0,ApprovalWorkflowConfiguration
FNDA:0,(anonymous_2)
FNDA:0,(anonymous_3)
FNDA:0,(anonymous_4)
FNDA:0,(anonymous_5)
FNDA:0,(anonymous_6)
FNDA:0,(anonymous_7)
FNDA:0,(anonymous_8)
FNDA:0,(anonymous_9)
FNDA:0,(anonymous_10)
FNDA:0,(anonymous_11)
FNDA:0,(anonymous_12)
FNDA:0,(anonymous_13)
FNDA:0,(anonymous_14)
FNDA:0,(anonymous_15)
FNDA:0,(anonymous_16)
FNDA:0,(anonymous_17)
FNDA:0,(anonymous_18)
FNDA:0,(anonymous_19)
FNDA:0,(anonymous_20)
FNDA:0,(anonymous_21)
FNDA:0,(anonymous_22)
FNDA:0,(anonymous_23)
FNDA:0,(anonymous_24)
FNDA:0,(anonymous_25)
FNDA:0,(anonymous_26)
FNDA:0,(anonymous_27)
FNDA:0,(anonymous_28)
FNDA:0,(anonymous_29)
FNDA:0,(anonymous_30)
FNDA:0,(anonymous_31)
FNDA:0,(anonymous_32)
FNDA:0,(anonymous_33)
FNDA:0,(anonymous_34)
FNDA:0,(anonymous_35)
FNDA:0,(anonymous_36)
FNDA:0,(anonymous_37)
FNDA:0,(anonymous_38)
FNDA:0,(anonymous_39)
FNDA:0,(anonymous_40)
FNDA:0,(anonymous_41)
FNDA:0,(anonymous_42)
FNDA:0,(anonymous_43)
FNDA:0,(anonymous_44)
FNDA:0,(anonymous_45)
FNDA:0,(anonymous_46)
FNDA:0,(anonymous_47)
FNDA:0,(anonymous_48)
FNDA:0,(anonymous_49)
FNDA:0,(anonymous_50)
DA:3,0
DA:4,0
DA:5,0
DA:121,0
DA:122,0
DA:123,0
DA:124,0
DA:125,0
DA:126,0
DA:127,0
DA:130,0
DA:131,0
DA:132,0
DA:133,0
DA:136,0
DA:137,0
DA:138,0
DA:140,0
DA:141,0
DA:144,0
DA:145,0
DA:282,0
DA:315,0
DA:354,0
DA:355,0
DA:356,0
DA:357,0
DA:358,0
DA:362,0
DA:363,0
DA:364,0
DA:377,0
DA:380,0
DA:381,0
DA:382,0
DA:383,0
DA:386,0
DA:387,0
DA:388,0
DA:390,0
DA:391,0
DA:395,0
DA:403,0
DA:405,0
DA:406,0
DA:408,0
DA:412,0
DA:413,0
DA:414,0
DA:418,0
DA:419,0
DA:420,0
DA:432,0
DA:435,0
DA:436,0
DA:437,0
DA:438,0
DA:463,0
DA:464,0
DA:465,0
DA:469,0
DA:470,0
DA:471,0
DA:472,0
DA:474,0
DA:476,0
DA:479,0
DA:480,0
DA:481,0
DA:482,0
DA:484,0
DA:486,0
DA:489,0
DA:490,0
DA:498,0
DA:530,0
DA:531,0
DA:534,0
DA:566,0
DA:587,0
DA:598,0
DA:627,0
DA:634,0
DA:641,0
DA:655,0
DA:683,0
DA:742,0
DA:815,0
DA:822,0
DA:829,0
DA:845,0
DA:856,0
DA:868,0
DA:891,0
DA:901,0
DA:953,0
DA:960,0
DA:1009,0
DA:1020,0
DA:1031,0
DA:1043,0
DA:1056,0
LF:102
LH:0
BRDA:388,0,0,0
BRDA:388,0,1,0
BRDA:391,1,0,0
BRDA:391,1,1,0
BRDA:413,2,0,0
BRDA:413,2,1,0
BRDA:464,3,0,0
BRDA:464,3,1,0
BRDA:471,4,0,0
BRDA:471,4,1,0
BRDA:481,5,0,0
BRDA:481,5,1,0
BRDA:498,6,0,0
BRDA:498,6,1,0
BRDA:536,7,0,0
BRDA:536,7,1,0
BRDA:551,8,0,0
BRDA:573,9,0,0
BRDA:573,9,1,0
BRDA:575,10,0,0
BRDA:575,10,1,0
BRDA:608,11,0,0
BRDA:608,11,1,0
BRDA:609,12,0,0
BRDA:609,12,1,0
BRDA:609,12,2,0
BRDA:610,13,0,0
BRDA:610,13,1,0
BRDA:611,14,0,0
BRDA:611,14,1,0
BRDA:611,14,2,0
BRDA:619,15,0,0
BRDA:630,16,0,0
BRDA:650,17,0,0
BRDA:662,18,0,0
BRDA:667,19,0,0
BRDA:674,20,0,0
BRDA:694,21,0,0
BRDA:694,21,1,0
BRDA:701,22,0,0
BRDA:701,22,1,0
BRDA:702,23,0,0
BRDA:702,23,1,0
BRDA:709,24,0,0
BRDA:727,25,0,0
BRDA:750,26,0,0
BRDA:754,27,0,0
BRDA:754,27,1,0
BRDA:756,28,0,0
BRDA:756,28,1,0
BRDA:787,29,0,0
BRDA:787,29,1,0
BRDA:790,30,0,0
BRDA:790,30,1,0
BRDA:807,31,0,0
BRDA:818,32,0,0
BRDA:838,33,0,0
BRDA:863,34,0,0
BRDA:886,35,0,0
BRDA:909,36,0,0
BRDA:915,37,0,0
BRDA:915,37,1,0
BRDA:917,38,0,0
BRDA:917,38,1,0
BRDA:938,39,0,0
BRDA:973,40,0,0
BRDA:993,41,0,0
BRDA:998,42,0,0
BRDA:998,42,1,0
BRDA:1008,43,0,0
BRDA:1008,43,1,0
BRDA:1019,44,0,0
BRDA:1019,44,1,0
BRDA:1030,45,0,0
BRDA:1030,45,1,0
BRDA:1042,46,0,0
BRDA:1042,46,1,0
BRDA:1066,47,0,0
BRDA:1066,47,1,0
BRF:79
BRH:0
end_of_record
TN:
SF:app/changes/components/ChangeAnalyticsDashboard.tsx
FN:25,ChangeAnalyticsDashboard
FN:44,(anonymous_3)
FN:48,(anonymous_4)
FN:57,(anonymous_5)
FN:74,(anonymous_6)
FN:81,(anonymous_7)
FN:82,(anonymous_8)
FN:87,(anonymous_9)
FN:93,(anonymous_10)
FN:160,(anonymous_11)
FN:165,(anonymous_12)
FN:188,(anonymous_13)
FN:203,(anonymous_14)
FN:218,(anonymous_15)
FN:233,(anonymous_16)
FN:259,(anonymous_17)
FN:264,(anonymous_18)
FN:268,(anonymous_19)
FN:281,(anonymous_20)
FN:297,(anonymous_21)
FN:302,(anonymous_22)
FN:306,(anonymous_23)
FN:320,(anonymous_24)
FN:355,(anonymous_25)
FN:400,(anonymous_26)
FN:401,(anonymous_27)
FN:484,(anonymous_28)
FN:485,(anonymous_29)
FN:508,(anonymous_30)
FN:531,(anonymous_31)
FN:545,(anonymous_32)
FNF:31
FNH:0
FNDA:0,ChangeAnalyticsDashboard
FNDA:0,(anonymous_3)
FNDA:0,(anonymous_4)
FNDA:0,(anonymous_5)
FNDA:0,(anonymous_6)
FNDA:0,(anonymous_7)
FNDA:0,(anonymous_8)
FNDA:0,(anonymous_9)
FNDA:0,(anonymous_10)
FNDA:0,(anonymous_11)
FNDA:0,(anonymous_12)
FNDA:0,(anonymous_13)
FNDA:0,(anonymous_14)
FNDA:0,(anonymous_15)
FNDA:0,(anonymous_16)
FNDA:0,(anonymous_17)
FNDA:0,(anonymous_18)
FNDA:0,(anonymous_19)
FNDA:0,(anonymous_20)
FNDA:0,(anonymous_21)
FNDA:0,(anonymous_22)
FNDA:0,(anonymous_23)
FNDA:0,(anonymous_24)
FNDA:0,(anonymous_25)
FNDA:0,(anonymous_26)
FNDA:0,(anonymous_27)
FNDA:0,(anonymous_28)
FNDA:0,(anonymous_29)
FNDA:0,(anonymous_30)
FNDA:0,(anonymous_31)
FNDA:0,(anonymous_32)
DA:3,0
DA:4,0
DA:5,0
DA:6,0
DA:7,0
DA:8,0
DA:9,0
DA:25,0
DA:31,0
DA:32,0
DA:33,0
DA:34,0
DA:43,0
DA:44,0
DA:48,0
DA:49,0
DA:50,0
DA:51,0
DA:53,0
DA:57,0
DA:58,0
DA:59,0
DA:62,0
DA:63,0
DA:65,0
DA:67,0
DA:68,0
DA:69,0
DA:70,0
DA:74,0
DA:75,0
DA:77,0
DA:81,0
DA:82,0
DA:87,0
DA:93,0
DA:99,0
DA:101,0
DA:105,0
DA:161,0
DA:162,0
DA:165,0
DA:188,0
DA:203,0
DA:218,0
DA:233,0
DA:259,0
DA:265,0
DA:268,0
DA:281,0
DA:297,0
DA:303,0
DA:306,0
DA:321,0
DA:355,0
DA:401,0
DA:485,0
DA:508,0
DA:531,0
DA:545,0
LF:60
LH:0
BRDA:28,0,0,0
BRDA:58,1,0,0
BRDA:58,1,1,0
BRDA:58,2,0,0
BRDA:58,2,1,0
BRDA:81,3,0,0
BRDA:81,3,1,0
BRDA:87,4,0,0
BRDA:87,4,1,0
BRDA:93,5,0,0
BRDA:93,5,1,0
BRDA:101,6,0,0
BRDA:101,6,1,0
BRDA:105,7,0,0
BRDA:105,7,1,0
BRDA:105,8,0,0
BRDA:105,8,1,0
BRDA:109,9,0,0
BRDA:109,9,1,0
BRDA:132,10,0,0
BRDA:132,10,1,0
BRDA:167,11,0,0
BRDA:167,11,1,0
BRDA:182,12,0,0
BRDA:315,13,0,0
BRDA:317,14,0,0
BRDA:317,14,1,0
BRDA:327,15,0,0
BRDA:370,16,0,0
BRDA:413,17,0,0
BRDA:413,17,1,0
BRDA:415,18,0,0
BRDA:415,18,1,0
BRDA:454,19,0,0
BRDA:500,20,0,0
BRDA:500,20,1,0
BRDA:502,21,0,0
BRDA:502,21,1,0
BRDA:504,22,0,0
BRDA:504,22,1,0
BRDA:564,23,0,0
BRDA:564,23,1,0
BRDA:568,24,0,0
BRF:43
BRH:0
end_of_record
TN:
SF:app/changes/components/ChangeRequestDetail.tsx
FN:15,ChangeRequestDetail
FN:32,(anonymous_2)
FN:36,(anonymous_3)
FN:59,(anonymous_4)
FN:76,(anonymous_5)
FN:84,(anonymous_6)
FN:172,(anonymous_7)
FN:177,(anonymous_8)
FN:250,(anonymous_9)
FN:267,(anonymous_10)
FN:351,(anonymous_11)
FN:396,(anonymous_12)
FN:428,(anonymous_13)
FN:469,(anonymous_14)
FN:513,(anonymous_15)
FN:531,(anonymous_16)
FNF:16
FNH:0
FNDA:0,ChangeRequestDetail
FNDA:0,(anonymous_2)
FNDA:0,(anonymous_3)
FNDA:0,(anonymous_4)
FNDA:0,(anonymous_5)
FNDA:0,(anonymous_6)
FNDA:0,(anonymous_7)
FNDA:0,(anonymous_8)
FNDA:0,(anonymous_9)
FNDA:0,(anonymous_10)
FNDA:0,(anonymous_11)
FNDA:0,(anonymous_12)
FNDA:0,(anonymous_13)
FNDA:0,(anonymous_14)
FNDA:0,(anonymous_15)
FNDA:0,(anonymous_16)
DA:3,0
DA:4,0
DA:5,0
DA:6,0
DA:7,0
DA:15,0
DA:20,0
DA:21,0
DA:22,0
DA:31,0
DA:32,0
DA:36,0
DA:37,0
DA:59,0
DA:60,0
DA:62,0
DA:64,0
DA:66,0
DA:68,0
DA:70,0
DA:72,0
DA:76,0
DA:77,0
DA:78,0
DA:79,0
DA:80,0
DA:81,0
DA:84,0
DA:85,0
DA:88,0
DA:89,0
DA:91,0
DA:173,0
DA:174,0
DA:177,0
DA:251,0
DA:268,0
DA:352,0
DA:397,0
DA:429,0
DA:470,0
DA:513,0
DA:532,0
LF:43
LH:0
BRDA:37,0,0,0
BRDA:37,0,1,0
BRDA:60,1,0,0
BRDA:60,1,1,0
BRDA:60,1,2,0
BRDA:60,1,3,0
BRDA:60,1,4,0
BRDA:60,1,5,0
BRDA:77,2,0,0
BRDA:77,2,1,0
BRDA:85,3,0,0
BRDA:85,3,1,0
BRDA:96,4,0,0
BRDA:96,4,1,0
BRDA:96,5,0,0
BRDA:96,5,1,0
BRDA:96,6,0,0
BRDA:96,6,1,0
BRDA:98,7,0,0
BRDA:98,7,1,0
BRDA:98,8,0,0
BRDA:98,8,1,0
BRDA:117,9,0,0
BRDA:179,10,0,0
BRDA:179,10,1,0
BRDA:194,11,0,0
BRDA:204,12,0,0
BRDA:214,13,0,0
BRDA:227,14,0,0
BRDA:246,15,0,0
BRDA:263,16,0,0
BRDA:301,17,0,0
BRDA:323,18,0,0
BRDA:346,19,0,0
BRDA:354,20,0,0
BRDA:363,21,0,0
BRDA:364,22,0,0
BRDA:365,23,0,0
BRDA:366,24,0,0
BRDA:390,25,0,0
BRDA:395,26,0,0
BRDA:407,27,0,0
BRDA:427,28,0,0
BRDA:436,29,0,0
BRDA:457,30,0,0
BRDA:468,31,0,0
BRDA:506,32,0,0
BRDA:538,33,0,0
BRDA:538,33,1,0
BRDA:539,34,0,0
BRDA:539,34,1,0
BRDA:540,35,0,0
BRDA:540,35,1,0
BRF:53
BRH:0
end_of_record
TN:
SF:app/changes/components/ChangeRequestForm.tsx
FN:68,ChangeRequestForm
FN:106,(anonymous_5)
FN:196,(anonymous_6)
FN:201,(anonymous_7)
FN:206,(anonymous_8)
FN:207,(anonymous_9)
FN:210,(anonymous_10)
FN:214,(anonymous_11)
FN:215,(anonymous_12)
FN:217,(anonymous_13)
FN:225,(anonymous_14)
FN:226,(anonymous_15)
FN:228,(anonymous_16)
FN:236,(anonymous_17)
FN:237,(anonymous_18)
FN:246,(anonymous_19)
FN:248,(anonymous_20)
FN:251,(anonymous_21)
FN:252,(anonymous_22)
FN:252,(anonymous_23)
FN:255,(anonymous_24)
FN:284,(anonymous_25)
FN:295,(anonymous_26)
FN:312,(anonymous_27)
FN:322,(anonymous_28)
FN:334,(anonymous_29)
FN:347,(anonymous_30)
FN:353,(anonymous_31)
FN:366,(anonymous_32)
FN:379,(anonymous_33)
FN:392,(anonymous_34)
FN:446,(anonymous_35)
FN:464,(anonymous_36)
FN:470,(anonymous_37)
FN:488,(anonymous_38)
FN:492,(anonymous_39)
FN:507,(anonymous_40)
FN:512,(anonymous_41)
FN:530,(anonymous_42)
FN:535,(anonymous_43)
FN:556,(anonymous_44)
FN:574,(anonymous_45)
FN:589,(anonymous_46)
FN:612,(anonymous_47)
FN:629,(anonymous_48)
FN:645,(anonymous_49)
FN:660,(anonymous_50)
FN:676,(anonymous_51)
FN:693,(anonymous_52)
FN:698,(anonymous_53)
FN:701,(anonymous_54)
FN:717,(anonymous_55)
FN:722,(anonymous_56)
FN:725,(anonymous_57)
FN:774,(anonymous_58)
FN:785,(anonymous_59)
FNF:56
FNH:0
FNDA:0,ChangeRequestForm
FNDA:0,(anonymous_5)
FNDA:0,(anonymous_6)
FNDA:0,(anonymous_7)
FNDA:0,(anonymous_8)
FNDA:0,(anonymous_9)
FNDA:0,(anonymous_10)
FNDA:0,(anonymous_11)
FNDA:0,(anonymous_12)
FNDA:0,(anonymous_13)
FNDA:0,(anonymous_14)
FNDA:0,(anonymous_15)
FNDA:0,(anonymous_16)
FNDA:0,(anonymous_17)
FNDA:0,(anonymous_18)
FNDA:0,(anonymous_19)
FNDA:0,(anonymous_20)
FNDA:0,(anonymous_21)
FNDA:0,(anonymous_22)
FNDA:0,(anonymous_23)
FNDA:0,(anonymous_24)
FNDA:0,(anonymous_25)
FNDA:0,(anonymous_26)
FNDA:0,(anonymous_27)
FNDA:0,(anonymous_28)
FNDA:0,(anonymous_29)
FNDA:0,(anonymous_30)
FNDA:0,(anonymous_31)
FNDA:0,(anonymous_32)
FNDA:0,(anonymous_33)
FNDA:0,(anonymous_34)
FNDA:0,(anonymous_35)
FNDA:0,(anonymous_36)
FNDA:0,(anonymous_37)
FNDA:0,(anonymous_38)
FNDA:0,(anonymous_39)
FNDA:0,(anonymous_40)
FNDA:0,(anonymous_41)
FNDA:0,(anonymous_42)
FNDA:0,(anonymous_43)
FNDA:0,(anonymous_44)
FNDA:0,(anonymous_45)
FNDA:0,(anonymous_46)
FNDA:0,(anonymous_47)
FNDA:0,(anonymous_48)
FNDA:0,(anonymous_49)
FNDA:0,(anonymous_50)
FNDA:0,(anonymous_51)
FNDA:0,(anonymous_52)
FNDA:0,(anonymous_53)
FNDA:0,(anonymous_54)
FNDA:0,(anonymous_55)
FNDA:0,(anonymous_56)
FNDA:0,(anonymous_57)
FNDA:0,(anonymous_58)
FNDA:0,(anonymous_59)
DA:3,0
DA:4,0
DA:5,0
DA:68,0
DA:76,0
DA:78,0
DA:96,0
DA:97,0
DA:98,0
DA:99,0
DA:100,0
DA:101,0
DA:102,0
DA:103,0
DA:106,0
DA:107,0
DA:176,0
DA:192,0
DA:193,0
DA:195,0
DA:196,0
DA:197,0
DA:200,0
DA:201,0
DA:202,0
DA:206,0
DA:207,0
DA:209,0
DA:210,0
DA:214,0
DA:215,0
DA:216,0
DA:217,0
DA:225,0
DA:226,0
DA:227,0
DA:228,0
DA:236,0
DA:237,0
DA:246,0
DA:247,0
DA:248,0
DA:251,0
DA:252,0
DA:255,0
DA:256,0
DA:258,0
DA:259,0
DA:260,0
DA:261,0
DA:264,0
DA:265,0
DA:266,0
DA:267,0
DA:270,0
DA:271,0
DA:274,0
DA:275,0
DA:278,0
DA:279,0
DA:283,0
DA:284,0
DA:285,0
DA:286,0
DA:291,0
DA:292,0
DA:295,0
DA:296,0
DA:298,0
DA:299,0
DA:302,0
DA:303,0
DA:304,0
DA:306,0
DA:308,0
DA:312,0
DA:313,0
DA:314,0
DA:316,0
DA:322,0
DA:334,0
DA:347,0
DA:354,0
DA:366,0
DA:379,0
DA:392,0
DA:400,0
DA:405,0
DA:418,0
DA:446,0
DA:464,0
DA:471,0
DA:488,0
DA:493,0
DA:507,0
DA:513,0
DA:530,0
DA:536,0
DA:556,0
DA:574,0
DA:590,0
DA:612,0
DA:629,0
DA:645,0
DA:660,0
DA:676,0
DA:694,0
DA:699,0
DA:701,0
DA:702,0
DA:718,0
DA:723,0
DA:725,0
DA:726,0
DA:775,0
DA:785,0
LF:116
LH:0
BRDA:84,0,0,0
BRDA:84,0,1,0
BRDA:91,1,0,0
BRDA:91,1,1,0
BRDA:195,2,0,0
BRDA:195,2,1,0
BRDA:197,3,0,0
BRDA:197,3,1,0
BRDA:200,4,0,0
BRDA:200,4,1,0
BRDA:202,5,0,0
BRDA:202,5,1,0
BRDA:209,6,0,0
BRDA:209,6,1,0
BRDA:216,7,0,0
BRDA:216,7,1,0
BRDA:220,8,0,0
BRDA:220,8,1,0
BRDA:221,9,0,0
BRDA:221,9,1,0
BRDA:227,10,0,0
BRDA:227,10,1,0
BRDA:247,11,0,0
BRDA:247,11,1,0
BRDA:258,12,0,0
BRDA:258,12,1,0
BRDA:260,13,0,0
BRDA:260,13,1,0
BRDA:264,14,0,0
BRDA:264,14,1,0
BRDA:266,15,0,0
BRDA:266,15,1,0
BRDA:270,16,0,0
BRDA:270,16,1,0
BRDA:274,17,0,0
BRDA:274,17,1,0
BRDA:278,18,0,0
BRDA:278,18,1,0
BRDA:283,19,0,0
BRDA:283,19,1,0
BRDA:285,20,0,0
BRDA:285,20,1,0
BRDA:285,21,0,0
BRDA:285,21,1,0
BRDA:298,22,0,0
BRDA:298,22,1,0
BRDA:313,23,0,0
BRDA:313,23,1,0
BRDA:316,24,0,0
BRDA:324,25,0,0
BRDA:324,25,1,0
BRDA:337,26,0,0
BRDA:337,26,1,0
BRDA:349,27,0,0
BRDA:349,27,1,0
BRDA:366,28,0,0
BRDA:366,28,1,0
BRDA:368,29,0,0
BRDA:368,29,1,0
BRDA:381,30,0,0
BRDA:381,30,1,0
BRDA:431,31,0,0
BRDA:431,31,1,0
BRDA:448,32,0,0
BRDA:448,32,1,0
BRDA:452,33,0,0
BRDA:466,34,0,0
BRDA:466,34,1,0
BRDA:476,35,0,0
BRDA:509,36,0,0
BRDA:509,36,1,0
BRDA:518,37,0,0
BRDA:532,38,0,0
BRDA:532,38,1,0
BRDA:541,39,0,0
BRDA:559,40,0,0
BRDA:559,40,1,0
BRDA:563,41,0,0
BRDA:583,42,0,0
BRDA:590,43,0,0
BRDA:590,43,1,0
BRDA:592,44,0,0
BRDA:592,44,1,0
BRDA:595,45,0,0
BRDA:616,46,0,0
BRDA:616,46,1,0
BRDA:628,47,0,0
BRDA:628,47,1,0
BRDA:629,48,0,0
BRDA:629,48,1,0
BRDA:644,49,0,0
BRDA:644,49,1,0
BRDA:645,50,0,0
BRDA:645,50,1,0
BRDA:659,51,0,0
BRDA:659,51,1,0
BRDA:660,52,0,0
BRDA:660,52,1,0
BRDA:683,53,0,0
BRDA:699,54,0,0
BRDA:699,54,1,0
BRDA:723,55,0,0
BRDA:723,55,1,0
BRDA:771,56,0,0
BRDA:818,57,0,0
BRDA:822,58,0,0
BRDA:822,58,1,0
BRDA:822,59,0,0
BRDA:822,59,1,0
BRF:109
BRH:0
end_of_record
TN:
SF:app/changes/components/ChangeRequestManager.tsx
FN:37,filterReducer
FN:92,ChangeRequestManager
FN:116,(anonymous_4)
FN:120,(anonymous_5)
FN:124,(anonymous_6)
FN:134,(anonymous_7)
FN:140,(anonymous_8)
FN:144,(anonymous_9)
FN:149,(anonymous_10)
FN:153,(anonymous_11)
FN:161,(anonymous_12)
FN:165,(anonymous_13)
FN:169,(anonymous_14)
FN:173,(anonymous_15)
FN:196,(anonymous_16)
FN:213,(anonymous_17)
FN:260,(anonymous_18)
FN:266,(anonymous_19)
FN:277,(anonymous_20)
FN:294,(anonymous_21)
FN:303,(anonymous_22)
FN:306,(anonymous_23)
FN:315,(anonymous_24)
FN:318,(anonymous_25)
FN:327,(anonymous_26)
FN:330,(anonymous_27)
FN:341,(anonymous_28)
FN:385,(anonymous_29)
FN:391,(anonymous_30)
FN:459,(anonymous_31)
FN:466,(anonymous_32)
FN:473,(anonymous_33)
FN:480,(anonymous_34)
FNF:33
FNH:0
FNDA:0,filterReducer
FNDA:0,ChangeRequestManager
FNDA:0,(anonymous_4)
FNDA:0,(anonymous_5)
FNDA:0,(anonymous_6)
FNDA:0,(anonymous_7)
FNDA:0,(anonymous_8)
FNDA:0,(anonymous_9)
FNDA:0,(anonymous_10)
FNDA:0,(anonymous_11)
FNDA:0,(anonymous_12)
FNDA:0,(anonymous_13)
FNDA:0,(anonymous_14)
FNDA:0,(anonymous_15)
FNDA:0,(anonymous_16)
FNDA:0,(anonymous_17)
FNDA:0,(anonymous_18)
FNDA:0,(anonymous_19)
FNDA:0,(anonymous_20)
FNDA:0,(anonymous_21)
FNDA:0,(anonymous_22)
FNDA:0,(anonymous_23)
FNDA:0,(anonymous_24)
FNDA:0,(anonymous_25)
FNDA:0,(anonymous_26)
FNDA:0,(anonymous_27)
FNDA:0,(anonymous_28)
FNDA:0,(anonymous_29)
FNDA:0,(anonymous_30)
FNDA:0,(anonymous_31)
FNDA:0,(anonymous_32)
FNDA:0,(anonymous_33)
FNDA:0,(anonymous_34)
DA:3,0
DA:4,0
DA:17,0
DA:18,0
DA:19,0
DA:20,0
DA:38,0
DA:40,0
DA:42,0
DA:51,0
DA:53,0
DA:57,0
DA:70,0
DA:83,0
DA:92,0
DA:93,0
DA:94,0
DA:95,0
DA:96,0
DA:99,0
DA:115,0
DA:116,0
DA:120,0
DA:121,0
DA:124,0
DA:125,0
DA:126,0
DA:127,0
DA:129,0
DA:131,0
DA:134,0
DA:135,0
DA:137,0
DA:138,0
DA:140,0
DA:144,0
DA:145,0
DA:149,0
DA:150,0
DA:153,0
DA:154,0
DA:156,0
DA:158,0
DA:161,0
DA:162,0
DA:165,0
DA:166,0
DA:169,0
DA:170,0
DA:173,0
DA:174,0
DA:196,0
DA:197,0
DA:199,0
DA:201,0
DA:203,0
DA:205,0
DA:207,0
DA:209,0
DA:213,0
DA:214,0
DA:216,0
DA:218,0
DA:219,0
DA:220,0
DA:221,0
DA:222,0
DA:226,0
DA:260,0
DA:266,0
DA:277,0
DA:294,0
DA:303,0
DA:307,0
DA:315,0
DA:319,0
DA:327,0
DA:331,0
DA:341,0
DA:386,0
DA:391,0
DA:459,0
DA:466,0
DA:473,0
DA:480,0
LF:85
LH:0
BRDA:38,0,0,0
BRDA:38,0,1,0
BRDA:38,0,2,0
BRDA:38,0,3,0
BRDA:126,1,0,0
BRDA:126,1,1,0
BRDA:135,2,0,0
BRDA:135,2,1,0
BRDA:137,3,0,0
BRDA:137,3,1,0
BRDA:174,4,0,0
BRDA:174,4,1,0
BRDA:197,5,0,0
BRDA:197,5,1,0
BRDA:197,5,2,0
BRDA:197,5,3,0
BRDA:197,5,4,0
BRDA:197,5,5,0
BRDA:213,6,0,0
BRDA:213,6,1,0
BRDA:214,7,0,0
BRDA:214,7,1,0
BRDA:214,8,0,0
BRDA:214,8,1,0
BRDA:214,8,2,0
BRDA:218,9,0,0
BRDA:218,9,1,0
BRDA:218,10,0,0
BRDA:218,10,1,0
BRDA:219,11,0,0
BRDA:219,11,1,0
BRDA:219,12,0,0
BRDA:219,12,1,0
BRDA:220,13,0,0
BRDA:220,13,1,0
BRDA:220,14,0,0
BRDA:220,14,1,0
BRDA:221,15,0,0
BRDA:221,15,1,0
BRDA:221,16,0,0
BRDA:221,16,1,0
BRDA:226,17,0,0
BRDA:226,17,1,0
BRDA:237,18,0,0
BRDA:237,18,1,0
BRDA:237,19,0,0
BRDA:237,19,1,0
BRDA:239,20,0,0
BRDA:239,20,1,0
BRDA:254,21,0,0
BRDA:299,22,0,0
BRDA:359,23,0,0
BRDA:359,23,1,0
BRDA:359,24,0,0
BRDA:359,24,1,0
BRDA:359,25,0,0
BRDA:359,25,1,0
BRDA:431,26,0,0
BRDA:434,27,0,0
BRDA:442,28,0,0
BRDA:494,29,0,0
BRDA:515,30,0,0
BRDA:518,31,0,0
BRDA:518,31,1,0
BRF:64
BRH:0
end_of_record
TN:
SF:app/changes/components/ImpactAnalysisDashboard.tsx
FN:17,ImpactAnalysisDashboard
FN:35,(anonymous_2)
FN:39,(anonymous_3)
FN:48,(anonymous_4)
FN:68,(anonymous_5)
FN:95,(anonymous_6)
FN:103,(anonymous_7)
FN:110,(anonymous_8)
FN:169,(anonymous_9)
FN:174,(anonymous_10)
FN:256,(anonymous_11)
FN:261,(anonymous_12)
FN:265,(anonymous_13)
FN:335,(anonymous_14)
FN:386,(anonymous_15)
FN:420,(anonymous_16)
FN:447,(anonymous_17)
FN:497,(anonymous_18)
FN:523,(anonymous_19)
FN:575,(anonymous_20)
FNF:20
FNH:0
FNDA:0,ImpactAnalysisDashboard
FNDA:0,(anonymous_2)
FNDA:0,(anonymous_3)
FNDA:0,(anonymous_4)
FNDA:0,(anonymous_5)
FNDA:0,(anonymous_6)
FNDA:0,(anonymous_7)
FNDA:0,(anonymous_8)
FNDA:0,(anonymous_9)
FNDA:0,(anonymous_10)
FNDA:0,(anonymous_11)
FNDA:0,(anonymous_12)
FNDA:0,(anonymous_13)
FNDA:0,(anonymous_14)
FNDA:0,(anonymous_15)
FNDA:0,(anonymous_16)
FNDA:0,(anonymous_17)
FNDA:0,(anonymous_18)
FNDA:0,(anonymous_19)
FNDA:0,(anonymous_20)
DA:3,0
DA:4,0
DA:5,0
DA:6,0
DA:7,0
DA:8,0
DA:17,0
DA:23,0
DA:24,0
DA:25,0
DA:34,0
DA:35,0
DA:39,0
DA:40,0
DA:41,0
DA:42,0
DA:44,0
DA:48,0
DA:50,0
DA:53,0
DA:57,0
DA:68,0
DA:74,0
DA:95,0
DA:102,0
DA:103,0
DA:110,0
DA:119,0
DA:170,0
DA:171,0
DA:174,0
DA:256,0
DA:262,0
DA:265,0
DA:335,0
DA:387,0
DA:421,0
DA:448,0
DA:498,0
DA:524,0
DA:576,0
LF:41
LH:0
BRDA:20,0,0,0
BRDA:35,1,0,0
BRDA:35,1,1,0
BRDA:53,2,0,0
BRDA:53,2,1,0
BRDA:57,3,0,0
BRDA:57,3,1,0
BRDA:57,4,0,0
BRDA:57,4,1,0
BRDA:61,5,0,0
BRDA:61,5,1,0
BRDA:138,6,0,0
BRDA:138,6,1,0
BRDA:148,7,0,0
BRDA:176,8,0,0
BRDA:176,8,1,0
BRDA:191,9,0,0
BRDA:224,10,0,0
BRDA:224,10,1,0
BRDA:265,11,0,0
BRDA:265,11,1,0
BRDA:291,12,0,0
BRDA:335,13,0,0
BRDA:335,13,1,0
BRDA:345,14,0,0
BRDA:413,15,0,0
BRDA:475,16,0,0
BRDA:531,17,0,0
BRDA:531,17,1,0
BRDA:532,18,0,0
BRDA:532,18,1,0
BRDA:540,19,0,0
BRDA:540,19,1,0
BRDA:541,20,0,0
BRDA:541,20,1,0
BRDA:555,21,0,0
BRDA:612,22,0,0
BRF:37
BRH:0
end_of_record
TN:
SF:app/changes/components/ImpactEstimationTools.tsx
FN:61,ImpactEstimationTools
FN:248,(anonymous_2)
FN:252,(anonymous_3)
FN:320,(anonymous_4)
FN:342,(anonymous_5)
FN:363,(anonymous_6)
FN:388,(anonymous_7)
FN:389,(anonymous_8)
FN:416,(anonymous_9)
FN:434,(anonymous_10)
FN:439,(anonymous_11)
FN:475,(anonymous_12)
FN:475,(anonymous_13)
FN:489,(anonymous_14)
FN:489,(anonymous_15)
FN:503,(anonymous_16)
FN:503,(anonymous_17)
FN:517,(anonymous_18)
FN:517,(anonymous_19)
FN:531,(anonymous_20)
FN:531,(anonymous_21)
FN:545,(anonymous_22)
FN:545,(anonymous_23)
FN:567,(anonymous_24)
FN:567,(anonymous_25)
FN:582,(anonymous_26)
FN:582,(anonymous_27)
FN:597,(anonymous_28)
FN:597,(anonymous_29)
FN:617,(anonymous_30)
FN:617,(anonymous_31)
FN:639,(anonymous_32)
FN:646,(anonymous_33)
FN:646,(anonymous_34)
FN:759,(anonymous_35)
FN:790,(anonymous_36)
FN:820,(anonymous_37)
FN:848,(anonymous_38)
FN:858,(anonymous_39)
FNF:39
FNH:0
FNDA:0,ImpactEstimationTools
FNDA:0,(anonymous_2)
FNDA:0,(anonymous_3)
FNDA:0,(anonymous_4)
FNDA:0,(anonymous_5)
FNDA:0,(anonymous_6)
FNDA:0,(anonymous_7)
FNDA:0,(anonymous_8)
FNDA:0,(anonymous_9)
FNDA:0,(anonymous_10)
FNDA:0,(anonymous_11)
FNDA:0,(anonymous_12)
FNDA:0,(anonymous_13)
FNDA:0,(anonymous_14)
FNDA:0,(anonymous_15)
FNDA:0,(anonymous_16)
FNDA:0,(anonymous_17)
FNDA:0,(anonymous_18)
FNDA:0,(anonymous_19)
FNDA:0,(anonymous_20)
FNDA:0,(anonymous_21)
FNDA:0,(anonymous_22)
FNDA:0,(anonymous_23)
FNDA:0,(anonymous_24)
FNDA:0,(anonymous_25)
FNDA:0,(anonymous_26)
FNDA:0,(anonymous_27)
FNDA:0,(anonymous_28)
FNDA:0,(anonymous_29)
FNDA:0,(anonymous_30)
FNDA:0,(anonymous_31)
FNDA:0,(anonymous_32)
FNDA:0,(anonymous_33)
FNDA:0,(anonymous_34)
FNDA:0,(anonymous_35)
FNDA:0,(anonymous_36)
FNDA:0,(anonymous_37)
FNDA:0,(anonymous_38)
FNDA:0,(anonymous_39)
DA:3,0
DA:4,0
DA:5,0
DA:61,0
DA:69,0
DA:70,0
DA:71,0
DA:87,0
DA:115,0
DA:172,0
DA:244,0
DA:245,0
DA:248,0
DA:249,0
DA:252,0
DA:254,0
DA:255,0
DA:256,0
DA:257,0
DA:258,0
DA:259,0
DA:260,0
DA:263,0
DA:268,0
DA:269,0
DA:270,0
DA:271,0
DA:274,0
DA:275,0
DA:278,0
DA:284,0
DA:291,0
DA:292,0
DA:295,0
DA:299,0
DA:313,0
DA:314,0
DA:315,0
DA:320,0
DA:321,0
DA:322,0
DA:324,0
DA:338,0
DA:342,0
DA:343,0
DA:346,0
DA:349,0
DA:350,0
DA:352,0
DA:353,0
DA:357,0
DA:359,0
DA:363,0
DA:364,0
DA:384,0
DA:388,0
DA:389,0
DA:393,0
DA:416,0
DA:435,0
DA:436,0
DA:439,0
DA:475,0
DA:489,0
DA:503,0
DA:517,0
DA:531,0
DA:545,0
DA:567,0
DA:582,0
DA:597,0
DA:617,0
DA:640,0
DA:646,0
DA:760,0
DA:791,0
DA:792,0
DA:821,0
DA:849,0
DA:858,0
LF:80
LH:0
BRDA:72,0,0,0
BRDA:72,0,1,0
BRDA:268,1,0,0
BRDA:268,1,1,0
BRDA:269,2,0,0
BRDA:269,2,1,0
BRDA:270,3,0,0
BRDA:270,3,1,0
BRDA:296,4,0,0
BRDA:296,4,1,0
BRDA:296,5,0,0
BRDA:296,5,1,0
BRDA:335,6,0,0
BRDA:335,6,1,0
BRDA:335,7,0,0
BRDA:335,7,1,0
BRDA:349,8,0,0
BRDA:349,8,1,0
BRDA:352,9,0,0
BRDA:352,9,1,0
BRDA:441,10,0,0
BRDA:441,10,1,0
BRDA:456,11,0,0
BRDA:477,12,0,0
BRDA:477,12,1,0
BRDA:491,13,0,0
BRDA:491,13,1,0
BRDA:505,14,0,0
BRDA:505,14,1,0
BRDA:519,15,0,0
BRDA:519,15,1,0
BRDA:533,16,0,0
BRDA:533,16,1,0
BRDA:547,17,0,0
BRDA:547,17,1,0
BRDA:619,18,0,0
BRDA:619,18,1,0
BRDA:716,19,0,0
BRDA:729,20,0,0
BRDA:745,21,0,0
BRDA:764,22,0,0
BRDA:764,22,1,0
BRDA:765,23,0,0
BRDA:765,23,1,0
BRDA:806,24,0,0
BRF:45
BRH:0
end_of_record
TN:
SF:app/changes/components/ImplementationMonitoringDashboard.tsx
FN:79,ImplementationMonitoringDashboard
FN:101,(anonymous_2)
FN:206,(anonymous_3)
FN:217,(anonymous_4)
FN:219,(anonymous_5)
FN:225,(anonymous_6)
FN:231,(anonymous_7)
FN:232,(anonymous_8)
FN:232,(anonymous_9)
FN:247,(anonymous_10)
FN:250,(anonymous_11)
FN:256,(anonymous_12)
FN:257,(anonymous_13)
FN:260,(anonymous_14)
FN:261,(anonymous_15)
FN:264,(anonymous_16)
FN:268,(anonymous_17)
FN:272,(anonymous_18)
FN:280,(anonymous_19)
FN:281,(anonymous_20)
FN:326,(anonymous_21)
FN:395,(anonymous_22)
FN:398,(anonymous_23)
FN:403,(anonymous_24)
FN:474,(anonymous_25)
FN:500,(anonymous_26)
FN:500,(anonymous_27)
FN:504,(anonymous_28)
FN:513,(anonymous_29)
FN:513,(anonymous_30)
FN:524,(anonymous_31)
FN:567,(anonymous_32)
FN:575,(anonymous_33)
FN:611,(anonymous_34)
FN:700,(anonymous_35)
FN:726,(anonymous_36)
FN:762,(anonymous_37)
FN:805,(anonymous_38)
FNF:38
FNH:0
FNDA:0,ImplementationMonitoringDashboard
FNDA:0,(anonymous_2)
FNDA:0,(anonymous_3)
FNDA:0,(anonymous_4)
FNDA:0,(anonymous_5)
FNDA:0,(anonymous_6)
FNDA:0,(anonymous_7)
FNDA:0,(anonymous_8)
FNDA:0,(anonymous_9)
FNDA:0,(anonymous_10)
FNDA:0,(anonymous_11)
FNDA:0,(anonymous_12)
FNDA:0,(anonymous_13)
FNDA:0,(anonymous_14)
FNDA:0,(anonymous_15)
FNDA:0,(anonymous_16)
FNDA:0,(anonymous_17)
FNDA:0,(anonymous_18)
FNDA:0,(anonymous_19)
FNDA:0,(anonymous_20)
FNDA:0,(anonymous_21)
FNDA:0,(anonymous_22)
FNDA:0,(anonymous_23)
FNDA:0,(anonymous_24)
FNDA:0,(anonymous_25)
FNDA:0,(anonymous_26)
FNDA:0,(anonymous_27)
FNDA:0,(anonymous_28)
FNDA:0,(anonymous_29)
FNDA:0,(anonymous_30)
FNDA:0,(anonymous_31)
FNDA:0,(anonymous_32)
FNDA:0,(anonymous_33)
FNDA:0,(anonymous_34)
FNDA:0,(anonymous_35)
FNDA:0,(anonymous_36)
FNDA:0,(anonymous_37)
FNDA:0,(anonymous_38)
DA:3,0
DA:4,0
DA:5,0
DA:65,0
DA:72,0
DA:79,0
[...]
BRDA:94,10,1,0
BRDA:98,11,0,0
BRDA:98,11,1,0
BRDA:102,12,0,0
BRDA:102,12,1,0
BRDA:102,13,0,0
BRDA:102,13,1,0
BRDA:106,14,0,0
BRDA:106,14,1,0
BRDA:106,15,0,0
BRDA:106,15,1,0
BRDA:110,16,0,0
BRDA:110,16,1,0
BRDA:110,17,0,0
BRDA:110,17,1,0
BRDA:123,18,0,0
BRDA:123,18,1,0
BRDA:125,19,0,0
BRDA:125,19,1,0
BRDA:132,20,0,0
BRDA:132,20,1,0
BRDA:141,21,0,0
BRDA:141,21,1,0
BRDA:153,22,0,0
BRDA:153,22,1,0
BRDA:157,23,0,0
BRDA:157,23,1,0
BRDA:168,24,0,0
BRDA:168,24,1,0
BRDA:173,25,0,0
BRDA:173,25,1,0
BRDA:180,26,0,0
BRDA:180,26,1,0
BRDA:199,27,0,0
BRDA:199,27,1,0
BRDA:225,28,0,0
BRDA:225,28,1,0
BRDA:233,29,0,0
BRDA:233,29,1,0
BRDA:241,30,0,0
BRDA:241,30,1,0
BRDA:245,31,0,0
BRDA:245,31,1,0
BRDA:247,32,0,0
BRDA:247,32,1,0
BRDA:264,33,0,0
BRDA:264,33,1,0
BRDA:275,34,0,0
BRDA:275,34,1,0
BRDA:275,35,0,0
BRDA:275,35,1,0
BRDA:280,36,0,0
BRDA:280,36,1,0
BRDA:280,37,0,0
BRDA:280,37,1,0
BRDA:280,37,2,0
BRDA:289,38,0,0
BRDA:289,38,1,0
BRDA:289,38,2,0
BRDA:293,39,0,0
BRDA:293,39,1,0
BRDA:293,40,0,0
BRDA:293,40,1,0
BRDA:305,41,0,0
BRDA:305,41,1,0
BRDA:305,41,2,0
BRDA:318,42,0,0
BRDA:318,42,1,0
BRDA:334,43,0,0
BRDA:334,43,1,0
BRDA:391,44,0,0
BRDA:391,44,1,0
BRDA:391,45,0,0
BRDA:391,45,1,0
BRDA:392,46,0,0
BRDA:399,47,0,0
BRDA:399,47,1,0
BRDA:402,48,0,0
BRDA:402,48,1,0
BRDA:402,49,0,0
BRDA:402,49,1,0
BRDA:404,50,0,0
BRDA:404,50,1,0
BRDA:411,51,0,0
BRDA:411,51,1,0
BRDA:415,52,0,0
BRDA:415,52,1,0
BRDA:434,53,0,0
BRDA:434,53,1,0
BRF:110
BRH:0
end_of_record
TN:
SF:lib/utils/progressive-enhancement.ts
FN:35,detectFeatureSupport
FN:69,checkCSSSupport
FN:79,checkAsyncAwaitSupport
FN:91,getDefaultFeatureSupport
FN:120,getProgressiveEnhancementClasses
FN:161,applyProgressiveEnhancementClasses
FN:167,(anonymous_17)
FN:175,getLayoutFallback
FN:195,getAnimationFallback
FN:214,loadPolyfills
FN:234,getProgressiveEnhancementStyles
FN:286,requireFeature
FN:302,getCSSVariableFallback
FN:315,initializeProgressiveEnhancement
FN:322,(anonymous_25)
FNF:15
FNH:0
FNDA:0,detectFeatureSupport
FNDA:0,checkCSSSupport
FNDA:0,checkAsyncAwaitSupport
FNDA:0,getDefaultFeatureSupport
FNDA:0,getProgressiveEnhancementClasses
FNDA:0,applyProgressiveEnhancementClasses
FNDA:0,(anonymous_17)
FNDA:0,getLayoutFallback
FNDA:0,getAnimationFallback
FNDA:0,loadPolyfills
FNDA:0,getProgressiveEnhancementStyles
FNDA:0,requireFeature
FNDA:0,getCSSVariableFallback
FNDA:0,initializeProgressiveEnhancement
FNDA:0,(anonymous_25)
DA:6,0
DA:35,0
DA:36,0
DA:38,0
DA:41,0
DA:70,0
DA:71,0
DA:73,0
DA:80,0
DA:81,0
DA:82,0
DA:84,0
DA:92,0
DA:120,0
DA:121,0
DA:122,0
DA:125,0
DA:126,0
DA:128,0
DA:131,0
DA:132,0
DA:134,0
DA:137,0
DA:138,0
DA:140,0
DA:143,0
DA:144,0
DA:146,0
DA:149,0
DA:150,0
DA:152,0
DA:155,0
DA:161,0
DA:162,0
DA:164,0
DA:165,0
DA:167,0
DA:168,0
DA:175,0
DA:176,0
DA:178,0
DA:179,0
DA:180,0
DA:181,0
DA:184,0
DA:185,0
DA:186,0
DA:189,0
DA:195,0
DA:196,0
DA:198,0
DA:199,0
DA:200,0
DA:203,0
DA:204,0
DA:205,0
DA:208,0
DA:214,0
DA:217,0
DA:219,0
DA:220,0
DA:228,0
DA:234,0
DA:235,0
DA:237,0
DA:239,0
DA:247,0
DA:248,0
DA:253,0
DA:254,0
DA:260,0
DA:266,0
DA:267,0
DA:273,0
DA:279,0
DA:286,0
DA:287,0
DA:288,0
DA:292,0
DA:293,0
DA:296,0
DA:302,0
DA:303,0
DA:305,0
DA:306,0
DA:309,0
DA:315,0
DA:316,0
DA:319,0
DA:322,0
DA:323,0
DA:327,0
DA:328,0
DA:329,0
DA:331,0
LF:95
LH:0
BRDA:36,0,0,0
BRDA:36,0,1,0
BRDA:70,1,0,0
BRDA:70,1,1,0
BRDA:70,2,0,0
BRDA:70,2,1,0
BRDA:125,3,0,0
BRDA:125,3,1,0
BRDA:131,4,0,0
BRDA:131,4,1,0
BRDA:137,5,0,0
BRDA:137,5,1,0
BRDA:143,6,0,0
BRDA:143,6,1,0
BRDA:149,7,0,0
BRDA:149,7,1,0
BRDA:162,8,0,0
BRDA:162,8,1,0
BRDA:178,9,0,0
BRDA:178,9,1,0
BRDA:179,10,0,0
BRDA:179,10,1,0
BRDA:180,11,0,0
BRDA:180,11,1,0
BRDA:184,12,0,0
BRDA:184,12,1,0
BRDA:185,13,0,0
BRDA:185,13,1,0
BRDA:198,14,0,0
BRDA:198,14,1,0
BRDA:199,15,0,0
BRDA:199,15,1,0
BRDA:199,16,0,0
BRDA:199,16,1,0
BRDA:203,17,0,0
BRDA:203,17,1,0
BRDA:204,18,0,0
BRDA:204,18,1,0
BRDA:219,19,0,0
BRDA:219,19,1,0
BRDA:237,20,0,0
BRDA:237,20,1,0
BRDA:237,20,2,0
BRDA:237,20,3,0
BRDA:243,21,0,0
BRDA:243,21,1,0
BRDA:247,22,0,0
BRDA:247,22,1,0
BRDA:253,23,0,0
BRDA:253,23,1,0
BRDA:266,24,0,0
BRDA:266,24,1,0
BRDA:288,25,0,0
BRDA:288,25,1,0
BRDA:292,26,0,0
BRDA:292,26,1,0
BRDA:292,27,0,0
BRDA:292,27,1,0
BRDA:305,28,0,0
BRDA:305,28,1,0
BRDA:316,29,0,0
BRDA:316,29,1,0
BRDA:327,30,0,0
BRDA:327,30,1,0
BRF:64
BRH:0
end_of_record
TN:
SF:lib/utils/resource-preloader.ts
FN:44,preloadResource
FN:77,preloadFont
FN:89,preloadImage
FN:100,preloadScript
FN:110,preloadStylesheet
FN:120,prefetchData
FN:131,preloadPageResources
FN:159,preconnectDomain
FN:183,dnsPrefetch
FN:203,initializeResourcePreloading
FN:220,useResourcePreloader
FNF:11
FNH:0
FNDA:0,preloadResource
FNDA:0,preloadFont
FNDA:0,preloadImage
FNDA:0,preloadScript
FNDA:0,preloadStylesheet
FNDA:0,prefetchData
FNDA:0,preloadPageResources
FNDA:0,preconnectDomain
FNDA:0,dnsPrefetch
FNDA:0,initializeResourcePreloading
FNDA:0,useResourcePreloader
DA:44,0
DA:46,0
DA:50,0
DA:51,0
DA:54,0
DA:55,0
DA:56,0
DA:57,0
DA:59,0
DA:60,0
DA:63,0
DA:64,0
DA:67,0
DA:68,0
DA:71,0
DA:77,0
DA:78,0
DA:89,0
DA:90,0
DA:100,0
DA:101,0
DA:110,0
DA:111,0
DA:120,0
DA:121,0
DA:131,0
DA:132,0
DA:135,0
DA:136,0
DA:137,0
DA:141,0
DA:142,0
DA:146,0
DA:147,0
DA:151,0
DA:152,0
DA:159,0
DA:161,0
DA:165,0
DA:166,0
DA:169,0
DA:170,0
DA:171,0
DA:173,0
DA:174,0
DA:177,0
DA:183,0
DA:185,0
DA:189,0
DA:190,0
DA:193,0
DA:194,0
DA:195,0
DA:197,0
DA:203,0
DA:205,0
DA:208,0
DA:220,0
DA:221,0
LF:59
LH:0
BRDA:50,0,0,0
BRDA:50,0,1,0
BRDA:59,1,0,0
BRDA:59,1,1,0
BRDA:63,2,0,0
BRDA:63,2,1,0
BRDA:67,3,0,0
BRDA:67,3,1,0
BRDA:77,4,0,0
BRDA:132,5,0,0
BRDA:132,5,1,0
BRDA:132,5,2,0
BRDA:132,5,3,0
BRDA:159,6,0,0
BRDA:165,7,0,0
BRDA:165,7,1,0
BRDA:173,8,0,0
BRDA:173,8,1,0
BRDA:189,9,0,0
BRDA:189,9,1,0
BRF:20
BRH:0
end_of_record
TN:
SF:lib/utils/scroll-performance.ts
FN:34,(anonymous_7)
FN:47,(anonymous_8)
FN:51,(anonymous_9)
FN:65,(anonymous_10)
FN:70,(anonymous_11)
FN:85,(anonymous_12)
FN:97,(anonymous_13)
FN:157,(anonymous_14)
FN:174,(anonymous_15)
FN:195,(anonymous_16)
FN:219,(anonymous_17)
FN:236,(anonymous_18)
FN:240,(anonymous_19)
FN:241,(anonymous_20)
FN:259,(anonymous_21)
FN:266,(anonymous_22)
FN:276,(anonymous_23)
FN:277,(anonymous_24)
FN:294,(anonymous_25)
FN:297,(anonymous_26)
FN:298,(anonymous_27)
FN:299,(anonymous_28)
FN:307,(anonymous_29)
FN:314,(anonymous_30)
FN:320,(anonymous_31)
FN:327,(anonymous_32)
FN:334,(anonymous_33)
FN:350,(anonymous_34)
FNF:28
FNH:0
FNDA:0,(anonymous_7)
FNDA:0,(anonymous_8)
FNDA:0,(anonymous_9)
FNDA:0,(anonymous_10)
FNDA:0,(anonymous_11)
FNDA:0,(anonymous_12)
FNDA:0,(anonymous_13)
FNDA:0,(anonymous_14)
FNDA:0,(anonymous_15)
FNDA:0,(anonymous_16)
FNDA:0,(anonymous_17)
FNDA:0,(anonymous_18)
FNDA:0,(anonymous_19)
FNDA:0,(anonymous_20)
FNDA:0,(anonymous_21)
FNDA:0,(anonymous_22)
FNDA:0,(anonymous_23)
FNDA:0,(anonymous_24)
FNDA:0,(anonymous_25)
FNDA:0,(anonymous_26)
FNDA:0,(anonymous_27)
FNDA:0,(anonymous_28)
FNDA:0,(anonymous_29)
FNDA:0,(anonymous_30)
FNDA:0,(anonymous_31)
FNDA:0,(anonymous_32)
FNDA:0,(anonymous_33)
FNDA:0,(anonymous_34)
DA:6,0
DA:28,0
DA:29,0
DA:30,0
DA:31,0
DA:35,0
DA:48,0
DA:51,0
DA:52,0
DA:53,0
DA:54,0
DA:58,0
DA:61,0
DA:62,0
DA:65,0
DA:66,0
DA:70,0
DA:71,0
DA:72,0
DA:77,0
DA:80,0
DA:81,0
DA:85,0
DA:86,0
DA:87,0
DA:88,0
DA:90,0
DA:98,0
DA:99,0
DA:100,0
DA:101,0
DA:104,0
DA:108,0
DA:109,0
DA:112,0
DA:113,0
DA:115,0
DA:116,0
DA:117,0
DA:120,0
DA:122,0
DA:135,0
DA:136,0
DA:140,0
DA:141,0
DA:144,0
DA:145,0
DA:149,0
DA:150,0
DA:158,0
DA:160,0
DA:161,0
DA:165,0
DA:168,0
DA:175,0
DA:176,0
DA:178,0
DA:179,0
DA:183,0
DA:186,0
DA:189,0
DA:197,0
DA:200,0
DA:201,0
DA:204,0
DA:207,0
DA:210,0
DA:213,0
DA:220,0
DA:223,0
DA:224,0
DA:228,0
DA:229,0
DA:237,0
DA:239,0
DA:240,0
DA:241,0
DA:243,0
DA:244,0
DA:247,0
DA:248,0
DA:260,0
DA:267,0
DA:268,0
DA:276,0
DA:277,0
DA:280,0
DA:281,0
DA:283,0
DA:295,0
DA:297,0
DA:298,0
DA:299,0
DA:301,0
DA:308,0
DA:315,0
DA:320,0
DA:321,0
DA:327,0
DA:328,0
DA:334,0
DA:340,0
DA:341,0
DA:342,0
DA:344,0
DA:350,0
DA:351,0
DA:352,0
DA:354,0
DA:361,0
DA:364,0
LF:111
LH:0
BRDA:34,0,0,0
BRDA:52,1,0,0
BRDA:52,1,1,0
BRDA:61,2,0,0
BRDA:61,2,1,0
BRDA:80,3,0,0
BRDA:80,3,1,0
BRDA:87,4,0,0
BRDA:87,4,1,0
BRDA:104,5,0,0
BRDA:104,5,1,0
BRDA:116,6,0,0
BRDA:116,6,1,0
BRDA:117,7,0,0
BRDA:117,7,1,0
BRDA:120,8,0,0
BRDA:120,8,1,0
BRDA:135,9,0,0
BRDA:135,9,1,0
BRDA:144,10,0,0
BRDA:144,10,1,0
BRDA:149,11,0,0
BRDA:149,11,1,0
BRDA:160,12,0,0
BRDA:160,12,1,0
BRDA:178,13,0,0
BRDA:178,13,1,0
BRDA:223,14,0,0
BRDA:223,14,1,0
BRDA:228,15,0,0
BRDA:228,15,1,0
BRDA:228,16,0,0
BRDA:228,16,1,0
BRDA:237,17,0,0
BRDA:237,17,1,0
BRDA:243,18,0,0
BRDA:243,18,1,0
BRDA:247,19,0,0
BRDA:247,19,1,0
BRDA:267,20,0,0
BRDA:267,20,1,0
BRDA:295,21,0,0
BRDA:295,21,1,0
BRDA:320,22,0,0
BRDA:323,23,0,0
BRDA:323,23,1,0
BRDA:327,24,0,0
BRDA:330,25,0,0
BRDA:330,25,1,0
BRDA:337,26,0,0
BRDA:338,27,0,0
BRDA:346,28,0,0
BRDA:346,28,1,0
BRDA:355,29,0,0
BRDA:355,29,1,0
BRF:55
BRH:0
end_of_record
TN:
SF:lib/utils/touch-handler.ts
FN:95,(anonymous_3)
FN:107,(anonymous_4)
FN:140,(anonymous_5)
FN:158,(anonymous_6)
FN:169,(anonymous_7)
FN:192,(anonymous_8)
FN:226,(anonymous_9)
FN:257,(anonymous_10)
FN:283,(anonymous_11)
FN:309,(anonymous_12)
FN:333,(anonymous_13)
FN:364,(anonymous_14)
FN:390,(anonymous_15)
FN:421,(anonymous_16)
FN:451,(anonymous_17)
FN:452,(anonymous_18)
FN:468,(anonymous_19)
FN:469,(anonymous_20)
FN:487,(anonymous_21)
FN:494,(anonymous_22)
FN:517,(anonymous_23)
FN:560,(anonymous_24)
FN:563,(anonymous_25)
FN:588,(anonymous_26)
FN:619,(anonymous_27)
FN:632,(anonymous_28)
FN:634,(anonymous_29)
FN:640,(anonymous_30)
FN:654,(anonymous_31)
FN:663,(anonymous_32)
FNF:30
FNH:0
FNDA:0,(anonymous_3)
FNDA:0,(anonymous_4)
FNDA:0,(anonymous_5)
FNDA:0,(anonymous_6)
FNDA:0,(anonymous_7)
FNDA:0,(anonymous_8)
FNDA:0,(anonymous_9)
FNDA:0,(anonymous_10)
FNDA:0,(anonymous_11)
FNDA:0,(anonymous_12)
FNDA:0,(anonymous_13)
FNDA:0,(anonymous_14)
FNDA:0,(anonymous_15)
FNDA:0,(anonymous_16)
FNDA:0,(anonymous_17)
FNDA:0,(anonymous_18)
FNDA:0,(anonymous_19)
FNDA:0,(anonymous_20)
FNDA:0,(anonymous_21)
FNDA:0,(anonymous_22)
FNDA:0,(anonymous_23)
FNDA:0,(anonymous_24)
FNDA:0,(anonymous_25)
FNDA:0,(anonymous_26)
FNDA:0,(anonymous_27)
FNDA:0,(anonymous_28)
FNDA:0,(anonymous_29)
FNDA:0,(anonymous_30)
FNDA:0,(anonymous_31)
FNDA:0,(anonymous_32)
DA:7,0
DA:67,0
DA:78,0
DA:87,0
DA:91,0
DA:92,0
DA:93,0
DA:96,0
DA:97,0
DA:98,0
DA:100,0
DA:108,0
DA:111,0
DA:114,0
DA:115,0
DA:119,0
DA:122,0
DA:123,0
DA:127,0
DA:128,0
DA:132,0
DA:134,0
DA:141,0
DA:142,0
DA:158,0
DA:159,0
DA:161,0
DA:170,0
DA:172,0
DA:173,0
DA:175,0
DA:176,0
DA:178,0
DA:179,0
DA:181,0
DA:182,0
DA:184,0
DA:193,0
DA:196,0
DA:197,0
DA:201,0
DA:204,0
DA:207,0
DA:210,0
DA:211,0
DA:212,0
DA:216,0
DA:218,0
DA:227,0
DA:230,0
DA:231,0
DA:235,0
DA:238,0
DA:239,0
DA:242,0
DA:243,0
DA:247,0
DA:248,0
DA:249,0
DA:258,0
DA:261,0
DA:262,0
DA:265,0
DA:266,0
DA:270,0
DA:271,0
DA:272,0
DA:276,0
DA:284,0
DA:287,0
DA:288,0
DA:289,0
DA:293,0
DA:294,0
DA:297,0
DA:300,0
DA:301,0
DA:310,0
DA:313,0
DA:314,0
DA:318,0
DA:321,0
DA:322,0
DA:326,0
DA:334,0
DA:337,0
DA:340,0
DA:341,0
DA:345,0
DA:346,0
DA:347,0
DA:348,0
DA:349,0
DA:352,0
DA:355,0
DA:356,0
DA:365,0
DA:366,0
DA:369,0
DA:370,0
DA:371,0
DA:372,0
DA:375,0
DA:376,0
DA:379,0
DA:380,0
DA:383,0
DA:391,0
DA:392,0
DA:394,0
DA:395,0
DA:398,0
DA:399,0
DA:402,0
DA:403,0
DA:407,0
DA:408,0
DA:410,0
DA:413,0
DA:422,0
DA:423,0
DA:424,0
DA:425,0
DA:427,0
DA:428,0
DA:429,0
DA:430,0
DA:433,0
DA:436,0
DA:439,0
DA:442,0
DA:452,0
DA:453,0
DA:456,0
DA:458,0
DA:462,0
DA:468,0
DA:469,0
DA:473,0
DA:479,0
DA:489,0
DA:490,0
DA:493,0
DA:494,0
DA:509,0
DA:518,0
DA:521,0
DA:522,0
DA:523,0
DA:524,0
DA:525,0
DA:529,0
DA:531,0
DA:532,0
DA:534,0
DA:535,0
DA:537,0
DA:538,0
DA:540,0
DA:541,0
DA:543,0
DA:544,0
DA:546,0
DA:547,0
DA:550,0
DA:553,0
DA:562,0
DA:563,0
DA:564,0
DA:565,0
DA:566,0
DA:567,0
DA:572,0
DA:573,0
DA:576,0
DA:577,0
DA:580,0
DA:581,0
DA:589,0
DA:592,0
DA:594,0
DA:595,0
DA:597,0
DA:598,0
DA:600,0
DA:601,0
DA:603,0
DA:604,0
DA:608,0
DA:609,0
DA:612,0
DA:620,0
DA:623,0
DA:624,0
DA:625,0
DA:634,0
DA:635,0
DA:637,0
DA:640,0
DA:641,0
DA:642,0
DA:644,0
DA:648,0
DA:655,0
DA:670,0
DA:672,0
DA:681,0
LF:207
LH:0
BRDA:95,0,0,0
BRDA:108,1,0,0
BRDA:108,1,1,0
BRDA:114,2,0,0
BRDA:114,2,1,0
BRDA:122,3,0,0
BRDA:122,3,1,0
BRDA:127,4,0,0
BRDA:127,4,1,0
BRDA:159,5,0,0
BRDA:159,5,1,0
BRDA:159,5,2,0
BRDA:170,6,0,0
BRDA:170,6,1,0
BRDA:170,6,2,0
BRDA:170,6,3,0
BRDA:170,6,4,0
BRDA:196,7,0,0
BRDA:196,7,1,0
BRDA:210,8,0,0
BRDA:210,8,1,0
BRDA:216,9,0,0
BRDA:216,9,1,0
BRDA:216,10,0,0
BRDA:216,10,1,0
BRDA:218,11,0,0
BRDA:218,11,1,0
BRDA:230,12,0,0
BRDA:230,12,1,0
BRDA:242,13,0,0
BRDA:242,13,1,0
BRDA:247,14,0,0
BRDA:247,14,1,0
BRDA:265,15,0,0
BRDA:265,15,1,0
BRDA:270,16,0,0
BRDA:270,16,1,0
BRDA:287,17,0,0
BRDA:287,17,1,0
BRDA:300,18,0,0
BRDA:300,18,1,0
BRDA:313,19,0,0
BRDA:313,19,1,0
BRDA:321,20,0,0
BRDA:321,20,1,0
BRDA:340,21,0,0
BRDA:340,21,1,0
BRDA:355,22,0,0
BRDA:355,22,1,0
BRDA:355,23,0,0
BRDA:355,23,1,0
BRDA:369,24,0,0
BRDA:369,24,1,0
BRDA:370,25,0,0
BRDA:370,25,1,0
BRDA:371,26,0,0
BRDA:371,26,1,0
BRDA:372,27,0,0
BRDA:372,27,1,0
BRDA:394,28,0,0
BRDA:394,28,1,0
BRDA:395,29,0,0
BRDA:395,29,1,0
BRDA:398,30,0,0
BRDA:398,30,1,0
BRDA:402,31,0,0
BRDA:402,31,1,0
BRDA:407,32,0,0
BRDA:407,32,1,0
BRDA:408,33,0,0
BRDA:408,33,1,0
BRDA:408,34,0,0
BRDA:408,34,1,0
BRDA:456,35,0,0
BRDA:456,35,1,0
BRDA:456,36,0,0
BRDA:456,36,1,0
BRDA:456,36,2,0
BRDA:489,37,0,0
BRDA:489,37,1,0
BRDA:489,38,0,0
BRDA:489,38,1,0
BRDA:502,39,0,0
BRDA:502,39,1,0
BRDA:503,40,0,0
BRDA:503,40,1,0
BRDA:504,41,0,0
BRDA:504,41,1,0
BRDA:505,42,0,0
BRDA:505,42,1,0
BRDA:517,43,0,0
BRDA:522,44,0,0
BRDA:522,44,1,0
BRDA:531,45,0,0
BRDA:531,45,1,0
BRDA:534,46,0,0
BRDA:534,46,1,0
BRDA:537,47,0,0
BRDA:537,47,1,0
BRDA:540,48,0,0
BRDA:540,48,1,0
BRDA:543,49,0,0
BRDA:543,49,1,0
BRDA:546,50,0,0
BRDA:546,50,1,0
BRDA:547,51,0,0
BRDA:547,51,1,0
BRDA:565,52,0,0
BRDA:565,52,1,0
BRDA:566,53,0,0
BRDA:566,53,1,0
BRDA:592,54,0,0
BRDA:592,54,1,0
BRDA:592,54,2,0
BRDA:592,54,3,0
BRDA:608,55,0,0
BRDA:608,55,1,0
BRDA:623,56,0,0
BRDA:623,56,1,0
BRDA:641,57,0,0
BRDA:641,57,1,0
BRDA:655,58,0,0
BRDA:655,58,1,0
BRDA:655,58,2,0
BRDA:673,59,0,0
BRDA:673,59,1,0
BRDA:673,59,2,0
BRDA:674,60,0,0
BRDA:674,60,1,0
BRDA:675,61,0,0
BRDA:675,61,1,0
BRDA:676,62,0,0
BRDA:676,62,1,0
BRF:133
BRH:0
end_of_record
TN:
SF:lib/utils/web-workers.ts
FN:30,(anonymous_9)
FN:43,(anonymous_10)
FN:44,(anonymous_11)
FN:58,(anonymous_12)
FN:69,(anonymous_13)
FN:81,(anonymous_14)
FN:88,(anonymous_15)
FN:101,(anonymous_16)
FN:117,(anonymous_17)
FN:121,(anonymous_18)
FN:146,(anonymous_19)
FN:165,(anonymous_20)
FN:170,(anonymous_21)
FN:176,(anonymous_22)
FN:184,(anonymous_23)
FN:195,(anonymous_24)
FN:202,(anonymous_25)
FN:206,(anonymous_26)
FN:211,(anonymous_27)
FN:212,(anonymous_28)
FN:219,(anonymous_29)
FN:236,(anonymous_31)
FN:251,(anonymous_32)
FN:262,(anonymous_33)
FN:270,(anonymous_34)
FN:282,(anonymous_35)
FN:292,(anonymous_36)
FN:304,(anonymous_37)
FN:312,(anonymous_38)
FNF:29
FNH:0
FNDA:0,(anonymous_9)
FNDA:0,(anonymous_10)
FNDA:0,(anonymous_11)
FNDA:0,(anonymous_12)
FNDA:0,(anonymous_13)
FNDA:0,(anonymous_14)
FNDA:0,(anonymous_15)
FNDA:0,(anonymous_16)
FNDA:0,(anonymous_17)
FNDA:0,(anonymous_18)
FNDA:0,(anonymous_19)
FNDA:0,(anonymous_20)
FNDA:0,(anonymous_21)
FNDA:0,(anonymous_22)
FNDA:0,(anonymous_23)
FNDA:0,(anonymous_24)
FNDA:0,(anonymous_25)
FNDA:0,(anonymous_26)
FNDA:0,(anonymous_27)
FNDA:0,(anonymous_28)
FNDA:0,(anonymous_29)
FNDA:0,(anonymous_31)
FNDA:0,(anonymous_32)
FNDA:0,(anonymous_33)
FNDA:0,(anonymous_34)
FNDA:0,(anonymous_35)
FNDA:0,(anonymous_36)
FNDA:0,(anonymous_37)
FNDA:0,(anonymous_38)
DA:5,0
DA:6,0
DA:26,0
DA:27,0
DA:35,0
DA:36,0
DA:37,0
DA:40,0
DA:41,0
DA:42,0
DA:43,0
DA:44,0
DA:45,0
DA:48,0
DA:64,0
DA:65,0
DA:66,0
DA:69,0
DA:70,0
DA:71,0
DA:81,0
DA:82,0
DA:83,0
DA:87,0
DA:88,0
DA:89,0
DA:90,0
DA:91,0
DA:96,0
DA:100,0
DA:101,0
DA:102,0
DA:103,0
DA:104,0
DA:110,0
DA:113,0
DA:118,0
DA:121,0
DA:122,0
DA:125,0
DA:126,0
DA:127,0
DA:129,0
DA:130,0
DA:131,0
DA:138,0
DA:142,0
DA:147,0
DA:148,0
DA:150,0
DA:151,0
DA:153,0
DA:155,0
DA:156,0
DA:158,0
DA:162,0
DA:166,0
DA:169,0
DA:170,0
DA:171,0
DA:173,0
DA:177,0
DA:178,0
DA:180,0
DA:181,0
DA:185,0
DA:188,0
DA:189,0
DA:190,0
DA:191,0
DA:195,0
DA:196,0
DA:197,0
DA:203,0
DA:204,0
DA:205,0
DA:206,0
DA:207,0
DA:211,0
DA:212,0
DA:214,0
DA:220,0
DA:221,0
DA:223,0
DA:233,0
DA:236,0
DA:238,0
DA:241,0
DA:244,0
DA:247,0
DA:251,0
DA:256,0
DA:257,0
DA:258,0
DA:261,0
DA:263,0
DA:267,0
DA:270,0
DA:275,0
DA:282,0
DA:286,0
DA:292,0
DA:297,0
DA:304,0
DA:308,0
DA:309,0
DA:310,0
DA:312,0
DA:313,0
DA:314,0
DA:315,0
DA:317,0
DA:318,0
DA:323,0
DA:325,0
DA:327,0
DA:331,0
DA:334,0
LF:118
LH:0
BRDA:33,0,0,0
BRDA:33,1,0,0
BRDA:33,1,1,0
BRDA:35,2,0,0
BRDA:35,2,1,0
BRDA:62,3,0,0
BRDA:65,4,0,0
BRDA:65,4,1,0
BRDA:125,5,0,0
BRDA:125,5,1,0
BRDA:127,6,0,0
BRDA:127,6,1,0
BRDA:151,7,0,0
BRDA:151,7,1,0
BRDA:155,8,0,0
BRDA:155,8,1,0
BRDA:178,9,0,0
BRDA:178,9,1,0
BRDA:189,10,0,0
BRDA:189,10,1,0
BRDA:196,11,0,0
BRDA:196,11,1,0
BRDA:203,12,0,0
BRDA:203,12,1,0
BRDA:205,13,0,0
BRDA:205,13,1,0
BRDA:221,14,0,0
BRDA:221,14,1,0
BRDA:254,15,0,0
BRDA:273,16,0,0
BRDA:284,17,0,0
BRDA:295,18,0,0
BRF:32
BRH:0
end_of_record
TN:
SF:lib/workers/data-processor-worker.ts
FN:84,(anonymous_3)
FN:93,(anonymous_4)
FN:108,(anonymous_5)
FN:111,(anonymous_6)
FN:121,(anonymous_7)
FN:126,(anonymous_8)
FN:140,(anonymous_9)
FN:148,(anonymous_10)
FN:160,(anonymous_11)
FN:167,(anonymous_12)
FN:178,(anonymous_13)
FN:185,(anonymous_14)
FN:192,(anonymous_15)
FN:199,(anonymous_16)
FN:206,(anonymous_17)
FN:213,(anonymous_18)
FN:225,(anonymous_19)
FN:236,(anonymous_20)
FN:247,(anonymous_21)
FNF:19
FNH:0
FNDA:0,(anonymous_3)
FNDA:0,(anonymous_4)
FNDA:0,(anonymous_5)
FNDA:0,(anonymous_6)
FNDA:0,(anonymous_7)
FNDA:0,(anonymous_8)
FNDA:0,(anonymous_9)
FNDA:0,(anonymous_10)
FNDA:0,(anonymous_11)
FNDA:0,(anonymous_12)
FNDA:0,(anonymous_13)
FNDA:0,(anonymous_14)
FNDA:0,(anonymous_15)
FNDA:0,(anonymous_16)
FNDA:0,(anonymous_17)
FNDA:0,(anonymous_18)
FNDA:0,(anonymous_19)
FNDA:0,(anonymous_20)
FNDA:0,(anonymous_21)
DA:74,0
DA:75,0
DA:76,0
DA:85,0
DA:87,0
DA:88,0
DA:91,0
DA:93,0
DA:94,0
DA:96,0
DA:97,0
DA:99,0
DA:101,0
DA:102,0
DA:104,0
DA:108,0
DA:109,0
DA:111,0
DA:112,0
DA:114,0
DA:122,0
DA:124,0
DA:126,0
DA:127,0
DA:129,0
DA:141,0
DA:142,0
DA:153,0
DA:154,0
DA:161,0
DA:171,0
DA:172,0
DA:179,0
DA:186,0
DA:193,0
DA:200,0
DA:207,0
DA:219,0
DA:230,0
DA:237,0
DA:238,0
DA:239,0
DA:241,0
DA:248,0
DA:253,0
DA:256,0
LF:46
LH:0
BRDA:85,0,0,0
BRDA:85,0,1,0
BRDA:87,1,0,0
BRDA:87,1,1,0
BRDA:97,2,0,0
BRDA:97,2,1,0
BRDA:101,3,0,0
BRDA:101,3,1,0
BRDA:104,4,0,0
BRDA:104,4,1,0
BRDA:151,5,0,0
BRDA:228,6,0,0
BRDA:237,7,0,0
BRDA:237,7,1,0
BRF:14
BRH:0
end_of_record
TN:
SF:lib/workers/index.ts
FNF:0
FNH:0
DA:6,0
DA:7,0
DA:13,0
DA:16,0
DA:17,0
DA:26,0
LF:6
LH:0
BRF:0
BRH:0
end_of_record
TN:
SF:lib/workers/monte-carlo-worker.ts
FN:68,(anonymous_3)
FN:77,(anonymous_4)
FN:83,(anonymous_5)
FN:104,(anonymous_6)
FN:107,(anonymous_7)
FN:117,(anonymous_8)
FN:122,(anonymous_9)
FN:136,(anonymous_10)
FN:146,(anonymous_11)
FN:153,(anonymous_12)
FN:166,(anonymous_13)
FN:177,(anonymous_14)
FN:192,(anonymous_15)
FN:203,(anonymous_16)
FNF:14
FNH:0
FNDA:0,(anonymous_3)
FNDA:0,(anonymous_4)
FNDA:0,(anonymous_5)
FNDA:0,(anonymous_6)
FNDA:0,(anonymous_7)
FNDA:0,(anonymous_8)
FNDA:0,(anonymous_9)
FNDA:0,(anonymous_10)
FNDA:0,(anonymous_11)
FNDA:0,(anonymous_12)
FNDA:0,(anonymous_13)
FNDA:0,(anonymous_14)
FNDA:0,(anonymous_15)
FNDA:0,(anonymous_16)
DA:57,0
DA:58,0
DA:59,0
DA:69,0
DA:71,0
DA:72,0
DA:75,0
DA:77,0
DA:78,0
DA:81,0
DA:82,0
DA:83,0
DA:84,0
DA:85,0
DA:88,0
DA:92,0
DA:93,0
DA:95,0
DA:97,0
DA:98,0
DA:100,0
DA:104,0
DA:105,0
DA:107,0
DA:108,0
DA:110,0
DA:118,0
DA:120,0
DA:122,0
DA:123,0
DA:125,0
DA:140,0
DA:147,0
DA:157,0
DA:169,0
DA:182,0
DA:193,0
DA:194,0
DA:195,0
DA:197,0
DA:204,0
DA:209,0
DA:212,0
LF:43
LH:0
BRDA:69,0,0,0
BRDA:69,0,1,0
BRDA:71,1,0,0
BRDA:71,1,1,0
BRDA:81,2,0,0
BRDA:81,2,1,0
BRDA:81,3,0,0
BRDA:81,3,1,0
BRDA:84,4,0,0
BRDA:84,4,1,0
BRDA:93,5,0,0
BRDA:93,5,1,0
BRDA:97,6,0,0
BRDA:97,6,1,0
BRDA:100,7,0,0
BRDA:100,7,1,0
BRDA:193,8,0,0
BRDA:193,8,1,0
BRF:18
BRH:0
end_of_record
